{"/Users/mykhailo/MyProjects/job-tracker/frontend/src/App.tsx": {"path":"/Users/mykhailo/MyProjects/job-tracker/frontend/src/App.tsx","statementMap":{"0":{"start":{"line":10,"column":2},"end":{"line":28,"column":null}}},"fnMap":{"0":{"name":"App","decl":{"start":{"line":9,"column":9},"end":{"line":9,"column":15}},"loc":{"start":{"line":9,"column":15},"end":{"line":28,"column":null}},"line":9}},"branchMap":{},"s":{"0":0},"f":{"0":0},"b":{},"meta":{"lastBranch":0,"lastFunction":1,"lastStatement":1,"seen":{"f:9:9:9:15":0,"s:10:2:28:Infinity":0}}}
,"/Users/mykhailo/MyProjects/job-tracker/frontend/src/api.ts": {"path":"/Users/mykhailo/MyProjects/job-tracker/frontend/src/api.ts","statementMap":{"0":{"start":{"line":1,"column":13},"end":{"line":1,"column":null}},"1":{"start":{"line":7,"column":4},"end":{"line":7,"column":null}},"2":{"start":{"line":8,"column":4},"end":{"line":8,"column":null}},"3":{"start":{"line":9,"column":4},"end":{"line":9,"column":null}},"4":{"start":{"line":14,"column":14},"end":{"line":17,"column":4}},"5":{"start":{"line":18,"column":2},"end":{"line":20,"column":null}},"6":{"start":{"line":19,"column":17},"end":{"line":19,"column":33}},"7":{"start":{"line":20,"column":4},"end":{"line":20,"column":null}},"8":{"start":{"line":22,"column":2},"end":{"line":22,"column":null}},"9":{"start":{"line":129,"column":24},"end":{"line":130,"column":null}},"10":{"start":{"line":130,"column":13},"end":{"line":130,"column":42}},"11":{"start":{"line":135,"column":28},"end":{"line":136,"column":null}},"12":{"start":{"line":136,"column":13},"end":{"line":136,"column":50}},"13":{"start":{"line":141,"column":24},"end":{"line":194,"column":null}},"14":{"start":{"line":143,"column":15},"end":{"line":143,"column":null}},"15":{"start":{"line":144,"column":4},"end":{"line":144,"column":null}},"16":{"start":{"line":146,"column":23},"end":{"line":146,"column":56}},"17":{"start":{"line":148,"column":4},"end":{"line":148,"column":80}},"18":{"start":{"line":150,"column":4},"end":{"line":150,"column":84}},"19":{"start":{"line":152,"column":4},"end":{"line":152,"column":66}},"20":{"start":{"line":154,"column":4},"end":{"line":157,"column":6}},"21":{"start":{"line":160,"column":28},"end":{"line":160,"column":68}},"22":{"start":{"line":162,"column":4},"end":{"line":163,"column":null}},"23":{"start":{"line":166,"column":4},"end":{"line":169,"column":6}},"24":{"start":{"line":171,"column":4},"end":{"line":173,"column":6}},"25":{"start":{"line":177,"column":4},"end":{"line":180,"column":6}},"26":{"start":{"line":186,"column":4},"end":{"line":189,"column":6}},"27":{"start":{"line":191,"column":4},"end":{"line":193,"column":null}},"28":{"start":{"line":198,"column":25},"end":{"line":206,"column":null}},"29":{"start":{"line":199,"column":14},"end":{"line":199,"column":42}},"30":{"start":{"line":201,"column":4},"end":{"line":201,"column":78}},"31":{"start":{"line":203,"column":4},"end":{"line":203,"column":82}},"32":{"start":{"line":205,"column":4},"end":{"line":205,"column":null}}},"fnMap":{"0":{"name":"(anonymous_0)","decl":{"start":{"line":6,"column":2},"end":{"line":6,"column":14}},"loc":{"start":{"line":6,"column":64},"end":{"line":9,"column":null}},"line":6},"1":{"name":"request","decl":{"start":{"line":13,"column":15},"end":{"line":13,"column":26}},"loc":{"start":{"line":13,"column":75},"end":{"line":22,"column":null}},"line":13},"2":{"name":"(anonymous_2)","decl":{"start":{"line":130,"column":2},"end":{"line":130,"column":13}},"loc":{"start":{"line":130,"column":13},"end":{"line":130,"column":42}},"line":130},"3":{"name":"(anonymous_3)","decl":{"start":{"line":136,"column":2},"end":{"line":136,"column":13}},"loc":{"start":{"line":136,"column":13},"end":{"line":136,"column":50}},"line":136},"4":{"name":"(anonymous_4)","decl":{"start":{"line":142,"column":2},"end":{"line":142,"column":9}},"loc":{"start":{"line":142,"column":45},"end":{"line":144,"column":null}},"line":142},"5":{"name":"(anonymous_5)","decl":{"start":{"line":146,"column":2},"end":{"line":146,"column":8}},"loc":{"start":{"line":146,"column":23},"end":{"line":146,"column":56}},"line":146},"6":{"name":"(anonymous_6)","decl":{"start":{"line":147,"column":2},"end":{"line":147,"column":11}},"loc":{"start":{"line":148,"column":4},"end":{"line":148,"column":80}},"line":148},"7":{"name":"(anonymous_7)","decl":{"start":{"line":149,"column":2},"end":{"line":149,"column":11}},"loc":{"start":{"line":150,"column":4},"end":{"line":150,"column":84}},"line":150},"8":{"name":"(anonymous_8)","decl":{"start":{"line":151,"column":2},"end":{"line":151,"column":11}},"loc":{"start":{"line":152,"column":4},"end":{"line":152,"column":66}},"line":152},"9":{"name":"(anonymous_9)","decl":{"start":{"line":153,"column":2},"end":{"line":153,"column":12}},"loc":{"start":{"line":154,"column":4},"end":{"line":157,"column":6}},"line":154},"10":{"name":"(anonymous_10)","decl":{"start":{"line":160,"column":2},"end":{"line":160,"column":13}},"loc":{"start":{"line":160,"column":28},"end":{"line":160,"column":68}},"line":160},"11":{"name":"(anonymous_11)","decl":{"start":{"line":161,"column":2},"end":{"line":161,"column":20}},"loc":{"start":{"line":162,"column":4},"end":{"line":163,"column":null}},"line":162},"12":{"name":"(anonymous_12)","decl":{"start":{"line":165,"column":2},"end":{"line":165,"column":18}},"loc":{"start":{"line":166,"column":4},"end":{"line":169,"column":6}},"line":166},"13":{"name":"(anonymous_13)","decl":{"start":{"line":170,"column":2},"end":{"line":170,"column":21}},"loc":{"start":{"line":171,"column":4},"end":{"line":173,"column":6}},"line":171},"14":{"name":"(anonymous_14)","decl":{"start":{"line":176,"column":2},"end":{"line":176,"column":21}},"loc":{"start":{"line":177,"column":4},"end":{"line":180,"column":6}},"line":177},"15":{"name":"(anonymous_15)","decl":{"start":{"line":181,"column":2},"end":{"line":181,"column":null}},"loc":{"start":{"line":186,"column":4},"end":{"line":189,"column":6}},"line":186},"16":{"name":"(anonymous_16)","decl":{"start":{"line":190,"column":2},"end":{"line":190,"column":24}},"loc":{"start":{"line":191,"column":4},"end":{"line":193,"column":null}},"line":191},"17":{"name":"(anonymous_17)","decl":{"start":{"line":199,"column":2},"end":{"line":199,"column":14}},"loc":{"start":{"line":199,"column":14},"end":{"line":199,"column":42}},"line":199},"18":{"name":"(anonymous_18)","decl":{"start":{"line":200,"column":2},"end":{"line":200,"column":11}},"loc":{"start":{"line":201,"column":4},"end":{"line":201,"column":78}},"line":201},"19":{"name":"(anonymous_19)","decl":{"start":{"line":202,"column":2},"end":{"line":202,"column":11}},"loc":{"start":{"line":203,"column":4},"end":{"line":203,"column":82}},"line":203},"20":{"name":"(anonymous_20)","decl":{"start":{"line":204,"column":2},"end":{"line":204,"column":11}},"loc":{"start":{"line":205,"column":4},"end":{"line":205,"column":null}},"line":205}},"branchMap":{"0":{"loc":{"start":{"line":18,"column":2},"end":{"line":20,"column":null}},"type":"if","locations":[{"start":{"line":18,"column":2},"end":{"line":20,"column":null}},{"start":{},"end":{}}],"line":18},"1":{"loc":{"start":{"line":143,"column":15},"end":{"line":143,"column":null}},"type":"cond-expr","locations":[{"start":{"line":143,"column":24},"end":{"line":143,"column":68}},{"start":{"line":143,"column":71},"end":{"line":143,"column":null}}],"line":143},"2":{"loc":{"start":{"line":179,"column":45},"end":{"line":179,"column":60}},"type":"binary-expr","locations":[{"start":{"line":179,"column":45},"end":{"line":179,"column":57}},{"start":{"line":179,"column":57},"end":{"line":179,"column":60}}],"line":179}},"s":{"0":1,"1":2,"2":2,"3":2,"4":14,"5":14,"6":2,"7":2,"8":12,"9":1,"10":1,"11":1,"12":1,"13":1,"14":2,"15":2,"16":0,"17":1,"18":3,"19":1,"20":0,"21":1,"22":0,"23":1,"24":1,"25":1,"26":1,"27":0,"28":1,"29":0,"30":0,"31":0,"32":0},"f":{"0":2,"1":14,"2":1,"3":1,"4":2,"5":0,"6":1,"7":3,"8":1,"9":0,"10":1,"11":0,"12":1,"13":1,"14":1,"15":1,"16":0,"17":0,"18":0,"19":0,"20":0},"b":{"0":[2,12],"1":[1,1],"2":[1,0]},"meta":{"lastBranch":3,"lastFunction":21,"lastStatement":33,"seen":{"s:1:13:1:Infinity":0,"f:6:2:6:14":0,"s:7:4:7:Infinity":1,"s:8:4:8:Infinity":2,"s:9:4:9:Infinity":3,"f:13:15:13:26":1,"s:14:14:17:4":4,"b:18:2:20:Infinity:undefined:undefined:undefined:undefined":0,"s:18:2:20:Infinity":5,"s:19:17:19:33":6,"s:20:4:20:Infinity":7,"s:22:2:22:Infinity":8,"s:129:24:130:Infinity":9,"f:130:2:130:13":2,"s:130:13:130:42":10,"s:135:28:136:Infinity":11,"f:136:2:136:13":3,"s:136:13:136:50":12,"s:141:24:194:Infinity":13,"f:142:2:142:9":4,"s:143:15:143:Infinity":14,"b:143:24:143:68:143:71:143:Infinity":1,"s:144:4:144:Infinity":15,"f:146:2:146:8":5,"s:146:23:146:56":16,"f:147:2:147:11":6,"s:148:4:148:80":17,"f:149:2:149:11":7,"s:150:4:150:84":18,"f:151:2:151:11":8,"s:152:4:152:66":19,"f:153:2:153:12":9,"s:154:4:157:6":20,"f:160:2:160:13":10,"s:160:28:160:68":21,"f:161:2:161:20":11,"s:162:4:163:Infinity":22,"f:165:2:165:18":12,"s:166:4:169:6":23,"f:170:2:170:21":13,"s:171:4:173:6":24,"f:176:2:176:21":14,"s:177:4:180:6":25,"b:179:45:179:57:179:57:179:60":2,"f:181:2:181:Infinity":15,"s:186:4:189:6":26,"f:190:2:190:24":16,"s:191:4:193:Infinity":27,"s:198:25:206:Infinity":28,"f:199:2:199:14":17,"s:199:14:199:42":29,"f:200:2:200:11":18,"s:201:4:201:78":30,"f:202:2:202:11":19,"s:203:4:203:82":31,"f:204:2:204:11":20,"s:205:4:205:Infinity":32}}}
,"/Users/mykhailo/MyProjects/job-tracker/frontend/src/components/Card.tsx": {"path":"/Users/mykhailo/MyProjects/job-tracker/frontend/src/components/Card.tsx","statementMap":{"0":{"start":{"line":4,"column":46},"end":{"line":8,"column":null}},"1":{"start":{"line":11,"column":2},"end":{"line":11,"column":null}},"2":{"start":{"line":11,"column":10},"end":{"line":11,"column":null}},"3":{"start":{"line":12,"column":2},"end":{"line":12,"column":null}},"4":{"start":{"line":16,"column":2},"end":{"line":16,"column":null}},"5":{"start":{"line":16,"column":10},"end":{"line":16,"column":null}},"6":{"start":{"line":17,"column":2},"end":{"line":17,"column":null}},"7":{"start":{"line":21,"column":56},"end":{"line":22,"column":33}},"8":{"start":{"line":24,"column":16},"end":{"line":29,"column":null}},"9":{"start":{"line":31,"column":18},"end":{"line":31,"column":null}},"10":{"start":{"line":32,"column":18},"end":{"line":32,"column":36}},"11":{"start":{"line":33,"column":17},"end":{"line":33,"column":null}},"12":{"start":{"line":35,"column":2},"end":{"line":78,"column":null}}},"fnMap":{"0":{"name":"formatShortDate","decl":{"start":{"line":10,"column":9},"end":{"line":10,"column":25}},"loc":{"start":{"line":10,"column":51},"end":{"line":12,"column":null}},"line":10},"1":{"name":"isOverdue","decl":{"start":{"line":15,"column":9},"end":{"line":15,"column":19}},"loc":{"start":{"line":15,"column":46},"end":{"line":17,"column":null}},"line":15},"2":{"name":"Card","decl":{"start":{"line":20,"column":16},"end":{"line":20,"column":21}},"loc":{"start":{"line":20,"column":52},"end":{"line":78,"column":null}},"line":20}},"branchMap":{"0":{"loc":{"start":{"line":11,"column":2},"end":{"line":11,"column":null}},"type":"if","locations":[{"start":{"line":11,"column":2},"end":{"line":11,"column":null}},{"start":{},"end":{}}],"line":11},"1":{"loc":{"start":{"line":16,"column":2},"end":{"line":16,"column":null}},"type":"if","locations":[{"start":{"line":16,"column":2},"end":{"line":16,"column":null}},{"start":{},"end":{}}],"line":16},"2":{"loc":{"start":{"line":24,"column":16},"end":{"line":29,"column":null}},"type":"cond-expr","locations":[{"start":{"line":25,"column":6},"end":{"line":28,"column":null}},{"start":{"line":29,"column":6},"end":{"line":29,"column":null}}],"line":24},"3":{"loc":{"start":{"line":27,"column":17},"end":{"line":27,"column":null}},"type":"cond-expr","locations":[{"start":{"line":27,"column":30},"end":{"line":27,"column":36}},{"start":{"line":27,"column":36},"end":{"line":27,"column":null}}],"line":27},"4":{"loc":{"start":{"line":31,"column":18},"end":{"line":31,"column":null}},"type":"binary-expr","locations":[{"start":{"line":31,"column":18},"end":{"line":31,"column":35}},{"start":{"line":31,"column":35},"end":{"line":31,"column":null}}],"line":31},"5":{"loc":{"start":{"line":33,"column":17},"end":{"line":33,"column":null}},"type":"binary-expr","locations":[{"start":{"line":33,"column":17},"end":{"line":33,"column":43}},{"start":{"line":33,"column":43},"end":{"line":33,"column":null}}],"line":33},"6":{"loc":{"start":{"line":38,"column":25},"end":{"line":38,"column":null}},"type":"cond-expr","locations":[{"start":{"line":38,"column":43},"end":{"line":38,"column":60}},{"start":{"line":38,"column":60},"end":{"line":38,"column":null}}],"line":38},"7":{"loc":{"start":{"line":48,"column":14},"end":{"line":48,"column":null}},"type":"binary-expr","locations":[{"start":{"line":48,"column":14},"end":{"line":48,"column":46}},{"start":{"line":48,"column":46},"end":{"line":48,"column":null}}],"line":48},"8":{"loc":{"start":{"line":54,"column":13},"end":{"line":55,"column":null}},"type":"binary-expr","locations":[{"start":{"line":54,"column":13},"end":{"line":54,"column":null}},{"start":{"line":55,"column":14},"end":{"line":55,"column":null}}],"line":54},"9":{"loc":{"start":{"line":57,"column":13},"end":{"line":58,"column":null}},"type":"binary-expr","locations":[{"start":{"line":57,"column":13},"end":{"line":57,"column":null}},{"start":{"line":58,"column":14},"end":{"line":58,"column":null}}],"line":57},"10":{"loc":{"start":{"line":60,"column":13},"end":{"line":61,"column":null}},"type":"binary-expr","locations":[{"start":{"line":60,"column":13},"end":{"line":60,"column":null}},{"start":{"line":61,"column":14},"end":{"line":61,"column":null}}],"line":60},"11":{"loc":{"start":{"line":63,"column":13},"end":{"line":65,"column":null}},"type":"binary-expr","locations":[{"start":{"line":63,"column":13},"end":{"line":63,"column":null}},{"start":{"line":64,"column":14},"end":{"line":65,"column":null}}],"line":63},"12":{"loc":{"start":{"line":68,"column":13},"end":{"line":73,"column":null}},"type":"binary-expr","locations":[{"start":{"line":68,"column":13},"end":{"line":68,"column":24}},{"start":{"line":68,"column":24},"end":{"line":68,"column":null}},{"start":{"line":69,"column":14},"end":{"line":73,"column":null}}],"line":68},"13":{"loc":{"start":{"line":70,"column":36},"end":{"line":70,"column":null}},"type":"cond-expr","locations":[{"start":{"line":70,"column":46},"end":{"line":70,"column":64}},{"start":{"line":70,"column":64},"end":{"line":70,"column":null}}],"line":70}},"s":{"0":0,"1":0,"2":0,"3":0,"4":0,"5":0,"6":0,"7":0,"8":0,"9":0,"10":0,"11":0,"12":0},"f":{"0":0,"1":0,"2":0},"b":{"0":[0,0],"1":[0,0],"2":[0,0],"3":[0,0],"4":[0,0],"5":[0,0],"6":[0,0],"7":[0,0],"8":[0,0],"9":[0,0],"10":[0,0],"11":[0,0],"12":[0,0,0],"13":[0,0]},"meta":{"lastBranch":14,"lastFunction":3,"lastStatement":13,"seen":{"s:4:46:8:Infinity":0,"f:10:9:10:25":0,"b:11:2:11:Infinity:undefined:undefined:undefined:undefined":0,"s:11:2:11:Infinity":1,"s:11:10:11:Infinity":2,"s:12:2:12:Infinity":3,"f:15:9:15:19":1,"b:16:2:16:Infinity:undefined:undefined:undefined:undefined":1,"s:16:2:16:Infinity":4,"s:16:10:16:Infinity":5,"s:17:2:17:Infinity":6,"f:20:16:20:21":2,"s:21:56:22:33":7,"s:24:16:29:Infinity":8,"b:25:6:28:Infinity:29:6:29:Infinity":2,"b:27:30:27:36:27:36:27:Infinity":3,"s:31:18:31:Infinity":9,"b:31:18:31:35:31:35:31:Infinity":4,"s:32:18:32:36":10,"s:33:17:33:Infinity":11,"b:33:17:33:43:33:43:33:Infinity":5,"s:35:2:78:Infinity":12,"b:38:43:38:60:38:60:38:Infinity":6,"b:48:14:48:46:48:46:48:Infinity":7,"b:54:13:54:Infinity:55:14:55:Infinity":8,"b:57:13:57:Infinity:58:14:58:Infinity":9,"b:60:13:60:Infinity:61:14:61:Infinity":10,"b:63:13:63:Infinity:64:14:65:Infinity":11,"b:68:13:68:24:68:24:68:Infinity:69:14:73:Infinity":12,"b:70:46:70:64:70:64:70:Infinity":13}}}
,"/Users/mykhailo/MyProjects/job-tracker/frontend/src/components/ChecklistSection.tsx": {"path":"/Users/mykhailo/MyProjects/job-tracker/frontend/src/components/ChecklistSection.tsx","statementMap":{"0":{"start":{"line":14,"column":18},"end":{"line":14,"column":44}},"1":{"start":{"line":17,"column":4},"end":{"line":17,"column":null}},"2":{"start":{"line":18,"column":4},"end":{"line":18,"column":null}},"3":{"start":{"line":18,"column":25},"end":{"line":18,"column":null}},"4":{"start":{"line":19,"column":4},"end":{"line":19,"column":null}},"5":{"start":{"line":20,"column":4},"end":{"line":20,"column":null}},"6":{"start":{"line":21,"column":4},"end":{"line":21,"column":null}},"7":{"start":{"line":25,"column":4},"end":{"line":27,"column":null}},"8":{"start":{"line":28,"column":4},"end":{"line":28,"column":null}},"9":{"start":{"line":32,"column":4},"end":{"line":32,"column":null}},"10":{"start":{"line":33,"column":4},"end":{"line":33,"column":null}},"11":{"start":{"line":36,"column":16},"end":{"line":36,"column":null}},"12":{"start":{"line":37,"column":15},"end":{"line":37,"column":null}},"13":{"start":{"line":37,"column":35},"end":{"line":37,"column":45}},"14":{"start":{"line":38,"column":19},"end":{"line":38,"column":null}},"15":{"start":{"line":40,"column":2},"end":{"line":92,"column":null}},"16":{"start":{"line":59,"column":10},"end":{"line":82,"column":null}},"17":{"start":{"line":62,"column":29},"end":{"line":62,"column":41}},"18":{"start":{"line":79,"column":64},"end":{"line":79,"column":79}},"19":{"start":{"line":89,"column":27},"end":{"line":89,"column":53}}},"fnMap":{"0":{"name":"ChecklistSection","decl":{"start":{"line":5,"column":16},"end":{"line":5,"column":33}},"loc":{"start":{"line":13,"column":3},"end":{"line":92,"column":null}},"line":13},"1":{"name":"handleAdd","decl":{"start":{"line":16,"column":17},"end":{"line":16,"column":27}},"loc":{"start":{"line":16,"column":47},"end":{"line":21,"column":null}},"line":16},"2":{"name":"toggle","decl":{"start":{"line":24,"column":17},"end":{"line":24,"column":24}},"loc":{"start":{"line":24,"column":45},"end":{"line":28,"column":null}},"line":24},"3":{"name":"remove","decl":{"start":{"line":31,"column":17},"end":{"line":31,"column":24}},"loc":{"start":{"line":31,"column":40},"end":{"line":33,"column":null}},"line":31},"4":{"name":"(anonymous_4)","decl":{"start":{"line":37,"column":21},"end":{"line":37,"column":29}},"loc":{"start":{"line":37,"column":35},"end":{"line":37,"column":45}},"line":37},"5":{"name":"(anonymous_5)","decl":{"start":{"line":58,"column":15},"end":{"line":58,"column":20}},"loc":{"start":{"line":59,"column":10},"end":{"line":82,"column":null}},"line":59},"6":{"name":"(anonymous_6)","decl":{"start":{"line":62,"column":14},"end":{"line":62,"column":29}},"loc":{"start":{"line":62,"column":29},"end":{"line":62,"column":41}},"line":62},"7":{"name":"(anonymous_7)","decl":{"start":{"line":79,"column":49},"end":{"line":79,"column":64}},"loc":{"start":{"line":79,"column":64},"end":{"line":79,"column":79}},"line":79},"8":{"name":"(anonymous_8)","decl":{"start":{"line":89,"column":10},"end":{"line":89,"column":21}},"loc":{"start":{"line":89,"column":27},"end":{"line":89,"column":53}},"line":89}},"branchMap":{"0":{"loc":{"start":{"line":18,"column":4},"end":{"line":18,"column":null}},"type":"if","locations":[{"start":{"line":18,"column":4},"end":{"line":18,"column":null}},{"start":{},"end":{}}],"line":18},"1":{"loc":{"start":{"line":38,"column":19},"end":{"line":38,"column":null}},"type":"cond-expr","locations":[{"start":{"line":38,"column":31},"end":{"line":38,"column":63}},{"start":{"line":38,"column":66},"end":{"line":38,"column":null}}],"line":38},"2":{"loc":{"start":{"line":44,"column":9},"end":{"line":46,"column":null}},"type":"binary-expr","locations":[{"start":{"line":44,"column":9},"end":{"line":44,"column":null}},{"start":{"line":45,"column":10},"end":{"line":46,"column":null}}],"line":44},"3":{"loc":{"start":{"line":51,"column":7},"end":{"line":54,"column":null}},"type":"binary-expr","locations":[{"start":{"line":51,"column":7},"end":{"line":51,"column":null}},{"start":{"line":52,"column":8},"end":{"line":54,"column":null}}],"line":51},"4":{"loc":{"start":{"line":61,"column":42},"end":{"line":61,"column":null}},"type":"cond-expr","locations":[{"start":{"line":61,"column":57},"end":{"line":61,"column":69}},{"start":{"line":61,"column":69},"end":{"line":61,"column":null}}],"line":61},"5":{"loc":{"start":{"line":64,"column":15},"end":{"line":73,"column":null}},"type":"binary-expr","locations":[{"start":{"line":64,"column":15},"end":{"line":64,"column":null}},{"start":{"line":65,"column":16},"end":{"line":73,"column":null}}],"line":64},"6":{"loc":{"start":{"line":76,"column":47},"end":{"line":76,"column":null}},"type":"cond-expr","locations":[{"start":{"line":76,"column":62},"end":{"line":76,"column":71}},{"start":{"line":76,"column":71},"end":{"line":76,"column":null}}],"line":76}},"s":{"0":0,"1":0,"2":0,"3":0,"4":0,"5":0,"6":0,"7":0,"8":0,"9":0,"10":0,"11":0,"12":0,"13":0,"14":0,"15":0,"16":0,"17":0,"18":0,"19":0},"f":{"0":0,"1":0,"2":0,"3":0,"4":0,"5":0,"6":0,"7":0,"8":0},"b":{"0":[0,0],"1":[0,0],"2":[0,0],"3":[0,0],"4":[0,0],"5":[0,0],"6":[0,0]},"meta":{"lastBranch":7,"lastFunction":9,"lastStatement":20,"seen":{"f:5:16:5:33":0,"s:14:18:14:44":0,"f:16:17:16:27":1,"s:17:4:17:Infinity":1,"b:18:4:18:Infinity:undefined:undefined:undefined:undefined":0,"s:18:4:18:Infinity":2,"s:18:25:18:Infinity":3,"s:19:4:19:Infinity":4,"s:20:4:20:Infinity":5,"s:21:4:21:Infinity":6,"f:24:17:24:24":2,"s:25:4:27:Infinity":7,"s:28:4:28:Infinity":8,"f:31:17:31:24":3,"s:32:4:32:Infinity":9,"s:33:4:33:Infinity":10,"s:36:16:36:Infinity":11,"s:37:15:37:Infinity":12,"f:37:21:37:29":4,"s:37:35:37:45":13,"s:38:19:38:Infinity":14,"b:38:31:38:63:38:66:38:Infinity":1,"s:40:2:92:Infinity":15,"b:44:9:44:Infinity:45:10:46:Infinity":2,"b:51:7:51:Infinity:52:8:54:Infinity":3,"f:58:15:58:20":5,"s:59:10:82:Infinity":16,"b:61:57:61:69:61:69:61:Infinity":4,"f:62:14:62:29":6,"s:62:29:62:41":17,"b:64:15:64:Infinity:65:16:73:Infinity":5,"b:76:62:76:71:76:71:76:Infinity":6,"f:79:49:79:64":7,"s:79:64:79:79":18,"f:89:10:89:21":8,"s:89:27:89:53":19}}}
,"/Users/mykhailo/MyProjects/job-tracker/frontend/src/components/Column.tsx": {"path":"/Users/mykhailo/MyProjects/job-tracker/frontend/src/components/Column.tsx","statementMap":{"0":{"start":{"line":6,"column":22},"end":{"line":6,"column":70}},"1":{"start":{"line":8,"column":2},"end":{"line":21,"column":null}},"2":{"start":{"line":19,"column":10},"end":{"line":19,"column":null}}},"fnMap":{"0":{"name":"Column","decl":{"start":{"line":5,"column":16},"end":{"line":5,"column":23}},"loc":{"start":{"line":5,"column":60},"end":{"line":21,"column":null}},"line":5},"1":{"name":"(anonymous_1)","decl":{"start":{"line":18,"column":22},"end":{"line":18,"column":27}},"loc":{"start":{"line":19,"column":10},"end":{"line":19,"column":null}},"line":19}},"branchMap":{"0":{"loc":{"start":{"line":11,"column":27},"end":{"line":11,"column":null}},"type":"cond-expr","locations":[{"start":{"line":11,"column":36},"end":{"line":11,"column":52}},{"start":{"line":11,"column":52},"end":{"line":11,"column":null}}],"line":11}},"s":{"0":0,"1":0,"2":0},"f":{"0":0,"1":0},"b":{"0":[0,0]},"meta":{"lastBranch":1,"lastFunction":2,"lastStatement":3,"seen":{"f:5:16:5:23":0,"s:6:22:6:70":0,"s:8:2:21:Infinity":1,"b:11:36:11:52:11:52:11:Infinity":0,"f:18:22:18:27":1,"s:19:10:19:Infinity":2}}}
,"/Users/mykhailo/MyProjects/job-tracker/frontend/src/components/ConfirmModal.tsx": {"path":"/Users/mykhailo/MyProjects/job-tracker/frontend/src/components/ConfirmModal.tsx","statementMap":{"0":{"start":{"line":20,"column":8},"end":{"line":20,"column":52}},"1":{"start":{"line":22,"column":2},"end":{"line":29,"column":null}},"2":{"start":{"line":24,"column":10},"end":{"line":25,"column":null}},"3":{"start":{"line":25,"column":6},"end":{"line":25,"column":null}},"4":{"start":{"line":25,"column":30},"end":{"line":25,"column":null}},"5":{"start":{"line":27,"column":4},"end":{"line":27,"column":null}},"6":{"start":{"line":28,"column":4},"end":{"line":28,"column":null}},"7":{"start":{"line":28,"column":17},"end":{"line":28,"column":67}},"8":{"start":{"line":31,"column":2},"end":{"line":49,"column":null}},"9":{"start":{"line":33,"column":49},"end":{"line":33,"column":68}}},"fnMap":{"0":{"name":"ConfirmModal","decl":{"start":{"line":3,"column":16},"end":{"line":3,"column":29}},"loc":{"start":{"line":19,"column":3},"end":{"line":49,"column":null}},"line":19},"1":{"name":"(anonymous_1)","decl":{"start":{"line":22,"column":2},"end":{"line":22,"column":18}},"loc":{"start":{"line":22,"column":18},"end":{"line":29,"column":6}},"line":22},"2":{"name":"(anonymous_2)","decl":{"start":{"line":24,"column":10},"end":{"line":24,"column":23}},"loc":{"start":{"line":24,"column":44},"end":{"line":25,"column":null}},"line":24},"3":{"name":"(anonymous_3)","decl":{"start":{"line":28,"column":4},"end":{"line":28,"column":17}},"loc":{"start":{"line":28,"column":17},"end":{"line":28,"column":67}},"line":28},"4":{"name":"(anonymous_4)","decl":{"start":{"line":33,"column":33},"end":{"line":33,"column":43}},"loc":{"start":{"line":33,"column":49},"end":{"line":33,"column":68}},"line":33}},"branchMap":{"0":{"loc":{"start":{"line":6,"column":2},"end":{"line":6,"column":null}},"type":"default-arg","locations":[{"start":{"line":6,"column":17},"end":{"line":6,"column":null}}],"line":6},"1":{"loc":{"start":{"line":7,"column":2},"end":{"line":7,"column":null}},"type":"default-arg","locations":[{"start":{"line":7,"column":16},"end":{"line":7,"column":null}}],"line":7},"2":{"loc":{"start":{"line":8,"column":2},"end":{"line":8,"column":null}},"type":"default-arg","locations":[{"start":{"line":8,"column":11},"end":{"line":8,"column":null}}],"line":8},"3":{"loc":{"start":{"line":25,"column":6},"end":{"line":25,"column":null}},"type":"if","locations":[{"start":{"line":25,"column":6},"end":{"line":25,"column":null}},{"start":{},"end":{}}],"line":25},"4":{"loc":{"start":{"line":41,"column":36},"end":{"line":41,"column":null}},"type":"cond-expr","locations":[{"start":{"line":41,"column":45},"end":{"line":41,"column":66}},{"start":{"line":41,"column":66},"end":{"line":41,"column":null}}],"line":41}},"s":{"0":0,"1":0,"2":0,"3":0,"4":0,"5":0,"6":0,"7":0,"8":0,"9":0},"f":{"0":0,"1":0,"2":0,"3":0,"4":0},"b":{"0":[0],"1":[0],"2":[0],"3":[0,0],"4":[0,0]},"meta":{"lastBranch":5,"lastFunction":5,"lastStatement":10,"seen":{"f:3:16:3:29":0,"b:6:17:6:Infinity":0,"b:7:16:7:Infinity":1,"b:8:11:8:Infinity":2,"s:20:8:20:52":0,"s:22:2:29:Infinity":1,"f:22:2:22:18":1,"s:24:10:25:Infinity":2,"f:24:10:24:23":2,"b:25:6:25:Infinity:undefined:undefined:undefined:undefined":3,"s:25:6:25:Infinity":3,"s:25:30:25:Infinity":4,"s:27:4:27:Infinity":5,"s:28:4:28:Infinity":6,"f:28:4:28:17":3,"s:28:17:28:67":7,"s:31:2:49:Infinity":8,"f:33:33:33:43":4,"s:33:49:33:68":9,"b:41:45:41:66:41:66:41:Infinity":4}}}
,"/Users/mykhailo/MyProjects/job-tracker/frontend/src/components/DependencySection.tsx": {"path":"/Users/mykhailo/MyProjects/job-tracker/frontend/src/components/DependencySection.tsx","statementMap":{"0":{"start":{"line":18,"column":17},"end":{"line":18,"column":42}},"1":{"start":{"line":19,"column":19},"end":{"line":19,"column":59}},"2":{"start":{"line":20,"column":21},"end":{"line":20,"column":53}},"3":{"start":{"line":21,"column":16},"end":{"line":21,"column":53}},"4":{"start":{"line":22,"column":8},"end":{"line":22,"column":51}},"5":{"start":{"line":25,"column":2},"end":{"line":27,"column":null}},"6":{"start":{"line":26,"column":4},"end":{"line":26,"column":null}},"7":{"start":{"line":26,"column":45},"end":{"line":26,"column":65}},"8":{"start":{"line":30,"column":4},"end":{"line":32,"column":null}},"9":{"start":{"line":31,"column":20},"end":{"line":31,"column":62}},"10":{"start":{"line":32,"column":6},"end":{"line":32,"column":null}},"11":{"start":{"line":34,"column":4},"end":{"line":34,"column":null}},"12":{"start":{"line":37,"column":2},"end":{"line":46,"column":null}},"13":{"start":{"line":39,"column":6},"end":{"line":41,"column":null}},"14":{"start":{"line":40,"column":8},"end":{"line":40,"column":null}},"15":{"start":{"line":41,"column":8},"end":{"line":41,"column":null}},"16":{"start":{"line":44,"column":4},"end":{"line":44,"column":null}},"17":{"start":{"line":45,"column":4},"end":{"line":45,"column":null}},"18":{"start":{"line":45,"column":17},"end":{"line":45,"column":71}},"19":{"start":{"line":48,"column":22},"end":{"line":48,"column":70}},"20":{"start":{"line":48,"column":63},"end":{"line":48,"column":68}},"21":{"start":{"line":49,"column":19},"end":{"line":52,"column":17}},"22":{"start":{"line":50,"column":19},"end":{"line":50,"column":41}},"23":{"start":{"line":51,"column":19},"end":{"line":51,"column":89}},"24":{"start":{"line":55,"column":4},"end":{"line":55,"column":null}},"25":{"start":{"line":56,"column":4},"end":{"line":56,"column":null}},"26":{"start":{"line":60,"column":4},"end":{"line":60,"column":null}},"27":{"start":{"line":61,"column":4},"end":{"line":61,"column":null}},"28":{"start":{"line":62,"column":4},"end":{"line":62,"column":null}},"29":{"start":{"line":65,"column":8},"end":{"line":65,"column":null}},"30":{"start":{"line":65,"column":36},"end":{"line":65,"column":null}},"31":{"start":{"line":66,"column":2},"end":{"line":177,"column":null}},"32":{"start":{"line":76,"column":14},"end":{"line":90,"column":null}},"33":{"start":{"line":79,"column":35},"end":{"line":79,"column":null}},"34":{"start":{"line":79,"column":57},"end":{"line":79,"column":null}},"35":{"start":{"line":102,"column":31},"end":{"line":102,"column":53}},"36":{"start":{"line":103,"column":14},"end":{"line":113,"column":null}},"37":{"start":{"line":107,"column":33},"end":{"line":107,"column":51}},"38":{"start":{"line":112,"column":65},"end":{"line":112,"column":85}},"39":{"start":{"line":125,"column":31},"end":{"line":125,"column":53}},"40":{"start":{"line":126,"column":14},"end":{"line":135,"column":null}},"41":{"start":{"line":130,"column":33},"end":{"line":130,"column":51}},"42":{"start":{"line":153,"column":31},"end":{"line":153,"column":56}},"43":{"start":{"line":162,"column":18},"end":{"line":171,"column":null}},"44":{"start":{"line":165,"column":35},"end":{"line":165,"column":47}}},"fnMap":{"0":{"name":"DependencySection","decl":{"start":{"line":5,"column":16},"end":{"line":5,"column":34}},"loc":{"start":{"line":17,"column":3},"end":{"line":177,"column":null}},"line":17},"1":{"name":"(anonymous_1)","decl":{"start":{"line":25,"column":2},"end":{"line":25,"column":18}},"loc":{"start":{"line":25,"column":18},"end":{"line":27,"column":6}},"line":25},"2":{"name":"(anonymous_2)","decl":{"start":{"line":26,"column":30},"end":{"line":26,"column":36}},"loc":{"start":{"line":26,"column":45},"end":{"line":26,"column":65}},"line":26},"3":{"name":"openPicker","decl":{"start":{"line":29,"column":17},"end":{"line":29,"column":30}},"loc":{"start":{"line":29,"column":30},"end":{"line":34,"column":null}},"line":29},"4":{"name":"(anonymous_4)","decl":{"start":{"line":37,"column":2},"end":{"line":37,"column":18}},"loc":{"start":{"line":37,"column":18},"end":{"line":46,"column":7}},"line":37},"5":{"name":"handleClick","decl":{"start":{"line":38,"column":13},"end":{"line":38,"column":25}},"loc":{"start":{"line":38,"column":40},"end":{"line":41,"column":null}},"line":38},"6":{"name":"(anonymous_6)","decl":{"start":{"line":45,"column":4},"end":{"line":45,"column":17}},"loc":{"start":{"line":45,"column":17},"end":{"line":45,"column":71}},"line":45},"7":{"name":"(anonymous_7)","decl":{"start":{"line":48,"column":52},"end":{"line":48,"column":57}},"loc":{"start":{"line":48,"column":63},"end":{"line":48,"column":68}},"line":48},"8":{"name":"(anonymous_8)","decl":{"start":{"line":50,"column":5},"end":{"line":50,"column":13}},"loc":{"start":{"line":50,"column":19},"end":{"line":50,"column":41}},"line":50},"9":{"name":"(anonymous_9)","decl":{"start":{"line":51,"column":5},"end":{"line":51,"column":13}},"loc":{"start":{"line":51,"column":19},"end":{"line":51,"column":89}},"line":51},"10":{"name":"addDep","decl":{"start":{"line":54,"column":17},"end":{"line":54,"column":24}},"loc":{"start":{"line":54,"column":39},"end":{"line":56,"column":null}},"line":54},"11":{"name":"removeDep","decl":{"start":{"line":59,"column":17},"end":{"line":59,"column":27}},"loc":{"start":{"line":59,"column":63},"end":{"line":62,"column":null}},"line":59},"12":{"name":"(anonymous_12)","decl":{"start":{"line":65,"column":8},"end":{"line":65,"column":22}},"loc":{"start":{"line":65,"column":36},"end":{"line":65,"column":null}},"line":65},"13":{"name":"(anonymous_13)","decl":{"start":{"line":75,"column":19},"end":{"line":75,"column":24}},"loc":{"start":{"line":76,"column":14},"end":{"line":90,"column":null}},"line":76},"14":{"name":"(anonymous_14)","decl":{"start":{"line":79,"column":18},"end":{"line":79,"column":33}},"loc":{"start":{"line":79,"column":33},"end":{"line":79,"column":null}},"line":79},"15":{"name":"(anonymous_15)","decl":{"start":{"line":101,"column":23},"end":{"line":101,"column":28}},"loc":{"start":{"line":101,"column":36},"end":{"line":113,"column":null}},"line":101},"16":{"name":"(anonymous_16)","decl":{"start":{"line":107,"column":18},"end":{"line":107,"column":33}},"loc":{"start":{"line":107,"column":33},"end":{"line":107,"column":51}},"line":107},"17":{"name":"(anonymous_17)","decl":{"start":{"line":112,"column":49},"end":{"line":112,"column":59}},"loc":{"start":{"line":112,"column":65},"end":{"line":112,"column":85}},"line":112},"18":{"name":"(anonymous_18)","decl":{"start":{"line":124,"column":20},"end":{"line":124,"column":25}},"loc":{"start":{"line":124,"column":33},"end":{"line":135,"column":null}},"line":124},"19":{"name":"(anonymous_19)","decl":{"start":{"line":130,"column":18},"end":{"line":130,"column":33}},"loc":{"start":{"line":130,"column":33},"end":{"line":130,"column":51}},"line":130},"20":{"name":"(anonymous_20)","decl":{"start":{"line":153,"column":14},"end":{"line":153,"column":25}},"loc":{"start":{"line":153,"column":31},"end":{"line":153,"column":56}},"line":153},"21":{"name":"(anonymous_21)","decl":{"start":{"line":161,"column":25},"end":{"line":161,"column":30}},"loc":{"start":{"line":162,"column":18},"end":{"line":171,"column":null}},"line":162},"22":{"name":"(anonymous_22)","decl":{"start":{"line":165,"column":20},"end":{"line":165,"column":35}},"loc":{"start":{"line":165,"column":35},"end":{"line":165,"column":47}},"line":165}},"branchMap":{"0":{"loc":{"start":{"line":30,"column":4},"end":{"line":32,"column":null}},"type":"if","locations":[{"start":{"line":30,"column":4},"end":{"line":32,"column":null}},{"start":{},"end":{}}],"line":30},"1":{"loc":{"start":{"line":39,"column":6},"end":{"line":41,"column":null}},"type":"if","locations":[{"start":{"line":39,"column":6},"end":{"line":41,"column":null}},{"start":{},"end":{}}],"line":39},"2":{"loc":{"start":{"line":39,"column":10},"end":{"line":39,"column":82}},"type":"binary-expr","locations":[{"start":{"line":39,"column":10},"end":{"line":39,"column":34}},{"start":{"line":39,"column":34},"end":{"line":39,"column":82}}],"line":39},"3":{"loc":{"start":{"line":51,"column":19},"end":{"line":51,"column":89}},"type":"binary-expr","locations":[{"start":{"line":51,"column":19},"end":{"line":51,"column":33}},{"start":{"line":51,"column":37},"end":{"line":51,"column":89}}],"line":51},"4":{"loc":{"start":{"line":65,"column":36},"end":{"line":65,"column":null}},"type":"binary-expr","locations":[{"start":{"line":65,"column":36},"end":{"line":65,"column":52}},{"start":{"line":65,"column":52},"end":{"line":65,"column":null}}],"line":65},"5":{"loc":{"start":{"line":71,"column":7},"end":{"line":92,"column":null}},"type":"binary-expr","locations":[{"start":{"line":71,"column":7},"end":{"line":71,"column":null}},{"start":{"line":72,"column":8},"end":{"line":92,"column":null}}],"line":71},"6":{"loc":{"start":{"line":78,"column":47},"end":{"line":78,"column":80}},"type":"cond-expr","locations":[{"start":{"line":78,"column":65},"end":{"line":78,"column":77}},{"start":{"line":78,"column":77},"end":{"line":78,"column":80}}],"line":78},"7":{"loc":{"start":{"line":78,"column":83},"end":{"line":78,"column":null}},"type":"cond-expr","locations":[{"start":{"line":78,"column":109},"end":{"line":78,"column":118}},{"start":{"line":78,"column":118},"end":{"line":78,"column":null}}],"line":78},"8":{"loc":{"start":{"line":79,"column":35},"end":{"line":79,"column":null}},"type":"if","locations":[{"start":{"line":79,"column":35},"end":{"line":79,"column":null}},{"start":{},"end":{}}],"line":79},"9":{"loc":{"start":{"line":80,"column":25},"end":{"line":82,"column":null}},"type":"cond-expr","locations":[{"start":{"line":81,"column":22},"end":{"line":81,"column":null}},{"start":{"line":82,"column":22},"end":{"line":82,"column":null}}],"line":80},"10":{"loc":{"start":{"line":89,"column":17},"end":{"line":89,"column":null}},"type":"binary-expr","locations":[{"start":{"line":89,"column":17},"end":{"line":89,"column":41}},{"start":{"line":89,"column":41},"end":{"line":89,"column":null}}],"line":89},"11":{"loc":{"start":{"line":97,"column":7},"end":{"line":117,"column":null}},"type":"binary-expr","locations":[{"start":{"line":97,"column":7},"end":{"line":97,"column":null}},{"start":{"line":98,"column":8},"end":{"line":117,"column":null}}],"line":97},"12":{"loc":{"start":{"line":106,"column":51},"end":{"line":106,"column":null}},"type":"cond-expr","locations":[{"start":{"line":106,"column":62},"end":{"line":106,"column":75}},{"start":{"line":106,"column":75},"end":{"line":106,"column":null}}],"line":106},"13":{"loc":{"start":{"line":111,"column":49},"end":{"line":111,"column":90}},"type":"cond-expr","locations":[{"start":{"line":111,"column":60},"end":{"line":111,"column":73}},{"start":{"line":111,"column":73},"end":{"line":111,"column":90}}],"line":111},"14":{"loc":{"start":{"line":120,"column":7},"end":{"line":139,"column":null}},"type":"binary-expr","locations":[{"start":{"line":120,"column":7},"end":{"line":120,"column":null}},{"start":{"line":121,"column":8},"end":{"line":139,"column":null}}],"line":120},"15":{"loc":{"start":{"line":129,"column":51},"end":{"line":129,"column":null}},"type":"cond-expr","locations":[{"start":{"line":129,"column":62},"end":{"line":129,"column":75}},{"start":{"line":129,"column":75},"end":{"line":129,"column":null}}],"line":129},"16":{"loc":{"start":{"line":134,"column":49},"end":{"line":134,"column":90}},"type":"cond-expr","locations":[{"start":{"line":134,"column":60},"end":{"line":134,"column":73}},{"start":{"line":134,"column":73},"end":{"line":134,"column":90}}],"line":134},"17":{"loc":{"start":{"line":144,"column":9},"end":{"line":175,"column":null}},"type":"cond-expr","locations":[{"start":{"line":145,"column":10},"end":{"line":149,"column":null}},{"start":{"line":149,"column":10},"end":{"line":175,"column":null}}],"line":144},"18":{"loc":{"start":{"line":158,"column":15},"end":{"line":171,"column":null}},"type":"cond-expr","locations":[{"start":{"line":159,"column":16},"end":{"line":161,"column":25}},{"start":{"line":161,"column":16},"end":{"line":171,"column":null}}],"line":158},"19":{"loc":{"start":{"line":170,"column":58},"end":{"line":170,"column":101}},"type":"cond-expr","locations":[{"start":{"line":170,"column":81},"end":{"line":170,"column":94}},{"start":{"line":170,"column":94},"end":{"line":170,"column":101}}],"line":170}},"s":{"0":0,"1":0,"2":0,"3":0,"4":0,"5":0,"6":0,"7":0,"8":0,"9":0,"10":0,"11":0,"12":0,"13":0,"14":0,"15":0,"16":0,"17":0,"18":0,"19":0,"20":0,"21":0,"22":0,"23":0,"24":0,"25":0,"26":0,"27":0,"28":0,"29":0,"30":0,"31":0,"32":0,"33":0,"34":0,"35":0,"36":0,"37":0,"38":0,"39":0,"40":0,"41":0,"42":0,"43":0,"44":0},"f":{"0":0,"1":0,"2":0,"3":0,"4":0,"5":0,"6":0,"7":0,"8":0,"9":0,"10":0,"11":0,"12":0,"13":0,"14":0,"15":0,"16":0,"17":0,"18":0,"19":0,"20":0,"21":0,"22":0},"b":{"0":[0,0],"1":[0,0],"2":[0,0],"3":[0,0],"4":[0,0],"5":[0,0],"6":[0,0],"7":[0,0],"8":[0,0],"9":[0,0],"10":[0,0],"11":[0,0],"12":[0,0],"13":[0,0],"14":[0,0],"15":[0,0],"16":[0,0],"17":[0,0],"18":[0,0],"19":[0,0]},"meta":{"lastBranch":20,"lastFunction":23,"lastStatement":45,"seen":{"f:5:16:5:34":0,"s:18:17:18:42":0,"s:19:19:19:59":1,"s:20:21:20:53":2,"s:21:16:21:53":3,"s:22:8:22:51":4,"s:25:2:27:Infinity":5,"f:25:2:25:18":1,"s:26:4:26:Infinity":6,"f:26:30:26:36":2,"s:26:45:26:65":7,"f:29:17:29:30":3,"b:30:4:32:Infinity:undefined:undefined:undefined:undefined":0,"s:30:4:32:Infinity":8,"s:31:20:31:62":9,"s:32:6:32:Infinity":10,"s:34:4:34:Infinity":11,"s:37:2:46:Infinity":12,"f:37:2:37:18":4,"f:38:13:38:25":5,"b:39:6:41:Infinity:undefined:undefined:undefined:undefined":1,"s:39:6:41:Infinity":13,"b:39:10:39:34:39:34:39:82":2,"s:40:8:40:Infinity":14,"s:41:8:41:Infinity":15,"s:44:4:44:Infinity":16,"s:45:4:45:Infinity":17,"f:45:4:45:17":6,"s:45:17:45:71":18,"s:48:22:48:70":19,"f:48:52:48:57":7,"s:48:63:48:68":20,"s:49:19:52:17":21,"f:50:5:50:13":8,"s:50:19:50:41":22,"f:51:5:51:13":9,"s:51:19:51:89":23,"b:51:19:51:33:51:37:51:89":3,"f:54:17:54:24":10,"s:55:4:55:Infinity":24,"s:56:4:56:Infinity":25,"f:59:17:59:27":11,"s:60:4:60:Infinity":26,"s:61:4:61:Infinity":27,"s:62:4:62:Infinity":28,"s:65:8:65:Infinity":29,"f:65:8:65:22":12,"s:65:36:65:Infinity":30,"b:65:36:65:52:65:52:65:Infinity":4,"s:66:2:177:Infinity":31,"b:71:7:71:Infinity:72:8:92:Infinity":5,"f:75:19:75:24":13,"s:76:14:90:Infinity":32,"b:78:65:78:77:78:77:78:80":6,"b:78:109:78:118:78:118:78:Infinity":7,"f:79:18:79:33":14,"b:79:35:79:Infinity:undefined:undefined:undefined:undefined":8,"s:79:35:79:Infinity":33,"s:79:57:79:Infinity":34,"b:81:22:81:Infinity:82:22:82:Infinity":9,"b:89:17:89:41:89:41:89:Infinity":10,"b:97:7:97:Infinity:98:8:117:Infinity":11,"f:101:23:101:28":15,"s:102:31:102:53":35,"s:103:14:113:Infinity":36,"b:106:62:106:75:106:75:106:Infinity":12,"f:107:18:107:33":16,"s:107:33:107:51":37,"b:111:60:111:73:111:73:111:90":13,"f:112:49:112:59":17,"s:112:65:112:85":38,"b:120:7:120:Infinity:121:8:139:Infinity":14,"f:124:20:124:25":18,"s:125:31:125:53":39,"s:126:14:135:Infinity":40,"b:129:62:129:75:129:75:129:Infinity":15,"f:130:18:130:33":19,"s:130:33:130:51":41,"b:134:60:134:73:134:73:134:90":16,"b:145:10:149:Infinity:149:10:175:Infinity":17,"f:153:14:153:25":20,"s:153:31:153:56":42,"b:159:16:161:25:161:16:171:Infinity":18,"f:161:25:161:30":21,"s:162:18:171:Infinity":43,"f:165:20:165:35":22,"s:165:35:165:47":44,"b:170:81:170:94:170:94:170:101":19}}}
,"/Users/mykhailo/MyProjects/job-tracker/frontend/src/components/SubtaskItem.tsx": {"path":"/Users/mykhailo/MyProjects/job-tracker/frontend/src/components/SubtaskItem.tsx","statementMap":{"0":{"start":{"line":14,"column":19},"end":{"line":14,"column":49}},"1":{"start":{"line":15,"column":17},"end":{"line":15,"column":61}},"2":{"start":{"line":16,"column":23},"end":{"line":16,"column":57}},"3":{"start":{"line":17,"column":22},"end":{"line":17,"column":55}},"4":{"start":{"line":18,"column":21},"end":{"line":18,"column":50}},"5":{"start":{"line":19,"column":8},"end":{"line":19,"column":46}},"6":{"start":{"line":20,"column":21},"end":{"line":20,"column":77}},"7":{"start":{"line":22,"column":16},"end":{"line":22,"column":null}},"8":{"start":{"line":24,"column":8},"end":{"line":27,"column":18}},"9":{"start":{"line":25,"column":17},"end":{"line":25,"column":47}},"10":{"start":{"line":26,"column":4},"end":{"line":26,"column":null}},"11":{"start":{"line":30,"column":4},"end":{"line":30,"column":null}},"12":{"start":{"line":31,"column":4},"end":{"line":33,"column":null}},"13":{"start":{"line":32,"column":6},"end":{"line":32,"column":null}},"14":{"start":{"line":34,"column":4},"end":{"line":34,"column":null}},"15":{"start":{"line":38,"column":4},"end":{"line":38,"column":null}},"16":{"start":{"line":38,"column":20},"end":{"line":38,"column":40}},"17":{"start":{"line":38,"column":40},"end":{"line":38,"column":null}},"18":{"start":{"line":39,"column":4},"end":{"line":39,"column":null}},"19":{"start":{"line":39,"column":17},"end":{"line":39,"column":null}},"20":{"start":{"line":40,"column":4},"end":{"line":40,"column":null}},"21":{"start":{"line":44,"column":4},"end":{"line":44,"column":null}},"22":{"start":{"line":45,"column":4},"end":{"line":48,"column":null}},"23":{"start":{"line":46,"column":6},"end":{"line":46,"column":null}},"24":{"start":{"line":47,"column":6},"end":{"line":47,"column":null}},"25":{"start":{"line":48,"column":6},"end":{"line":48,"column":null}},"26":{"start":{"line":53,"column":4},"end":{"line":53,"column":null}},"27":{"start":{"line":54,"column":4},"end":{"line":54,"column":null}},"28":{"start":{"line":54,"column":25},"end":{"line":54,"column":null}},"29":{"start":{"line":55,"column":4},"end":{"line":55,"column":null}},"30":{"start":{"line":59,"column":4},"end":{"line":59,"column":null}},"31":{"start":{"line":60,"column":4},"end":{"line":60,"column":null}},"32":{"start":{"line":61,"column":4},"end":{"line":61,"column":null}},"33":{"start":{"line":62,"column":4},"end":{"line":62,"column":null}},"34":{"start":{"line":63,"column":4},"end":{"line":63,"column":null}},"35":{"start":{"line":67,"column":4},"end":{"line":67,"column":null}},"36":{"start":{"line":68,"column":4},"end":{"line":68,"column":null}},"37":{"start":{"line":69,"column":4},"end":{"line":69,"column":null}},"38":{"start":{"line":73,"column":4},"end":{"line":73,"column":null}},"39":{"start":{"line":74,"column":4},"end":{"line":74,"column":null}},"40":{"start":{"line":74,"column":28},"end":{"line":74,"column":null}},"41":{"start":{"line":75,"column":4},"end":{"line":75,"column":null}},"42":{"start":{"line":76,"column":4},"end":{"line":76,"column":null}},"43":{"start":{"line":77,"column":4},"end":{"line":77,"column":null}},"44":{"start":{"line":78,"column":4},"end":{"line":78,"column":null}},"45":{"start":{"line":81,"column":16},"end":{"line":81,"column":null}},"46":{"start":{"line":82,"column":15},"end":{"line":82,"column":null}},"47":{"start":{"line":83,"column":19},"end":{"line":83,"column":41}},"48":{"start":{"line":86,"column":19},"end":{"line":86,"column":null}},"49":{"start":{"line":87,"column":18},"end":{"line":87,"column":null}},"50":{"start":{"line":88,"column":25},"end":{"line":88,"column":null}},"51":{"start":{"line":89,"column":17},"end":{"line":89,"column":null}},"52":{"start":{"line":92,"column":18},"end":{"line":92,"column":null}},"53":{"start":{"line":93,"column":17},"end":{"line":93,"column":null}},"54":{"start":{"line":94,"column":24},"end":{"line":94,"column":null}},"55":{"start":{"line":96,"column":19},"end":{"line":96,"column":null}},"56":{"start":{"line":98,"column":2},"end":{"line":242,"column":null}},"57":{"start":{"line":147,"column":31},"end":{"line":147,"column":56}},"58":{"start":{"line":149,"column":18},"end":{"line":149,"column":null}},"59":{"start":{"line":149,"column":41},"end":{"line":149,"column":null}},"60":{"start":{"line":150,"column":18},"end":{"line":150,"column":null}},"61":{"start":{"line":150,"column":42},"end":{"line":150,"column":null}},"62":{"start":{"line":154,"column":70},"end":{"line":154,"column":91}},"63":{"start":{"line":154,"column":91},"end":{"line":154,"column":null}},"64":{"start":{"line":169,"column":31},"end":{"line":169,"column":55}},"65":{"start":{"line":170,"column":36},"end":{"line":170,"column":null}},"66":{"start":{"line":170,"column":62},"end":{"line":170,"column":85}},"67":{"start":{"line":170,"column":85},"end":{"line":170,"column":null}},"68":{"start":{"line":187,"column":62},"end":{"line":187,"column":72}},"69":{"start":{"line":190,"column":152},"end":{"line":190,"column":162}},"70":{"start":{"line":194,"column":18},"end":{"line":210,"column":null}},"71":{"start":{"line":198,"column":24},"end":{"line":198,"column":null}},"72":{"start":{"line":199,"column":24},"end":{"line":199,"column":null}},"73":{"start":{"line":200,"column":24},"end":{"line":200,"column":null}},"74":{"start":{"line":201,"column":24},"end":{"line":201,"column":null}},"75":{"start":{"line":220,"column":47},"end":{"line":220,"column":67}},"76":{"start":{"line":223,"column":103},"end":{"line":223,"column":123}},"77":{"start":{"line":227,"column":18},"end":{"line":227,"column":null}},"78":{"start":{"line":227,"column":96},"end":{"line":227,"column":116}},"79":{"start":{"line":227,"column":116},"end":{"line":227,"column":133}},"80":{"start":{"line":238,"column":33},"end":{"line":238,"column":62}},"81":{"start":{"line":240,"column":32},"end":{"line":240,"column":null}}},"fnMap":{"0":{"name":"SubtaskItem","decl":{"start":{"line":5,"column":16},"end":{"line":5,"column":28}},"loc":{"start":{"line":13,"column":3},"end":{"line":242,"column":null}},"line":13},"1":{"name":"(anonymous_1)","decl":{"start":{"line":24,"column":33},"end":{"line":24,"column":45}},"loc":{"start":{"line":24,"column":45},"end":{"line":27,"column":6}},"line":24},"2":{"name":"toggle","decl":{"start":{"line":29,"column":17},"end":{"line":29,"column":24}},"loc":{"start":{"line":29,"column":45},"end":{"line":34,"column":null}},"line":29},"3":{"name":"expand","decl":{"start":{"line":37,"column":17},"end":{"line":37,"column":26}},"loc":{"start":{"line":37,"column":26},"end":{"line":40,"column":null}},"line":37},"4":{"name":"saveTitle","decl":{"start":{"line":43,"column":17},"end":{"line":43,"column":27}},"loc":{"start":{"line":43,"column":42},"end":{"line":48,"column":null}},"line":43},"5":{"name":"startEditDesc","decl":{"start":{"line":52,"column":11},"end":{"line":52,"column":25}},"loc":{"start":{"line":52,"column":46},"end":{"line":55,"column":null}},"line":52},"6":{"name":"saveDesc","decl":{"start":{"line":58,"column":17},"end":{"line":58,"column":26}},"loc":{"start":{"line":58,"column":41},"end":{"line":63,"column":null}},"line":58},"7":{"name":"handleDelete","decl":{"start":{"line":66,"column":17},"end":{"line":66,"column":30}},"loc":{"start":{"line":66,"column":51},"end":{"line":69,"column":null}},"line":66},"8":{"name":"addChild","decl":{"start":{"line":72,"column":17},"end":{"line":72,"column":26}},"loc":{"start":{"line":72,"column":46},"end":{"line":78,"column":null}},"line":72},"9":{"name":"(anonymous_9)","decl":{"start":{"line":147,"column":16},"end":{"line":147,"column":25}},"loc":{"start":{"line":147,"column":31},"end":{"line":147,"column":56}},"line":147},"10":{"name":"(anonymous_10)","decl":{"start":{"line":148,"column":16},"end":{"line":148,"column":28}},"loc":{"start":{"line":148,"column":34},"end":{"line":150,"column":null}},"line":148},"11":{"name":"(anonymous_11)","decl":{"start":{"line":154,"column":52},"end":{"line":154,"column":62}},"loc":{"start":{"line":154,"column":68},"end":{"line":154,"column":null}},"line":154},"12":{"name":"(anonymous_12)","decl":{"start":{"line":169,"column":16},"end":{"line":169,"column":25}},"loc":{"start":{"line":169,"column":31},"end":{"line":169,"column":55}},"line":169},"13":{"name":"(anonymous_13)","decl":{"start":{"line":170,"column":16},"end":{"line":170,"column":28}},"loc":{"start":{"line":170,"column":34},"end":{"line":170,"column":null}},"line":170},"14":{"name":"(anonymous_14)","decl":{"start":{"line":187,"column":50},"end":{"line":187,"column":57}},"loc":{"start":{"line":187,"column":62},"end":{"line":187,"column":72}},"line":187},"15":{"name":"(anonymous_15)","decl":{"start":{"line":190,"column":140},"end":{"line":190,"column":147}},"loc":{"start":{"line":190,"column":152},"end":{"line":190,"column":162}},"line":190},"16":{"name":"(anonymous_16)","decl":{"start":{"line":193,"column":40},"end":{"line":193,"column":45}},"loc":{"start":{"line":194,"column":18},"end":{"line":210,"column":null}},"line":194},"17":{"name":"(anonymous_17)","decl":{"start":{"line":197,"column":31},"end":{"line":197,"column":38}},"loc":{"start":{"line":197,"column":44},"end":{"line":201,"column":null}},"line":197},"18":{"name":"(anonymous_18)","decl":{"start":{"line":220,"column":35},"end":{"line":220,"column":42}},"loc":{"start":{"line":220,"column":47},"end":{"line":220,"column":67}},"line":220},"19":{"name":"(anonymous_19)","decl":{"start":{"line":223,"column":91},"end":{"line":223,"column":98}},"loc":{"start":{"line":223,"column":103},"end":{"line":223,"column":123}},"line":223},"20":{"name":"(anonymous_20)","decl":{"start":{"line":226,"column":26},"end":{"line":226,"column":31}},"loc":{"start":{"line":227,"column":18},"end":{"line":227,"column":null}},"line":227},"21":{"name":"(anonymous_21)","decl":{"start":{"line":227,"column":82},"end":{"line":227,"column":94}},"loc":{"start":{"line":227,"column":94},"end":{"line":227,"column":133}},"line":227},"22":{"name":"(anonymous_22)","decl":{"start":{"line":238,"column":16},"end":{"line":238,"column":27}},"loc":{"start":{"line":238,"column":33},"end":{"line":238,"column":62}},"line":238},"23":{"name":"(anonymous_23)","decl":{"start":{"line":240,"column":16},"end":{"line":240,"column":26}},"loc":{"start":{"line":240,"column":32},"end":{"line":240,"column":null}},"line":240}},"branchMap":{"0":{"loc":{"start":{"line":7,"column":2},"end":{"line":7,"column":null}},"type":"default-arg","locations":[{"start":{"line":7,"column":10},"end":{"line":7,"column":null}}],"line":7},"1":{"loc":{"start":{"line":32,"column":50},"end":{"line":32,"column":75}},"type":"cond-expr","locations":[{"start":{"line":32,"column":58},"end":{"line":32,"column":67}},{"start":{"line":32,"column":67},"end":{"line":32,"column":75}}],"line":32},"2":{"loc":{"start":{"line":38,"column":4},"end":{"line":38,"column":null}},"type":"if","locations":[{"start":{"line":38,"column":4},"end":{"line":38,"column":null}},{"start":{},"end":{}}],"line":38},"3":{"loc":{"start":{"line":39,"column":4},"end":{"line":39,"column":null}},"type":"if","locations":[{"start":{"line":39,"column":4},"end":{"line":39,"column":null}},{"start":{},"end":{}}],"line":39},"4":{"loc":{"start":{"line":45,"column":4},"end":{"line":48,"column":null}},"type":"if","locations":[{"start":{"line":45,"column":4},"end":{"line":48,"column":null}},{"start":{},"end":{}}],"line":45},"5":{"loc":{"start":{"line":45,"column":8},"end":{"line":45,"column":68}},"type":"binary-expr","locations":[{"start":{"line":45,"column":8},"end":{"line":45,"column":20}},{"start":{"line":45,"column":24},"end":{"line":45,"column":68}}],"line":45},"6":{"loc":{"start":{"line":45,"column":35},"end":{"line":45,"column":68}},"type":"binary-expr","locations":[{"start":{"line":45,"column":35},"end":{"line":45,"column":52}},{"start":{"line":45,"column":52},"end":{"line":45,"column":68}}],"line":45},"7":{"loc":{"start":{"line":54,"column":4},"end":{"line":54,"column":null}},"type":"if","locations":[{"start":{"line":54,"column":4},"end":{"line":54,"column":null}},{"start":{},"end":{}}],"line":54},"8":{"loc":{"start":{"line":74,"column":4},"end":{"line":74,"column":null}},"type":"if","locations":[{"start":{"line":74,"column":4},"end":{"line":74,"column":null}},{"start":{},"end":{}}],"line":74},"9":{"loc":{"start":{"line":81,"column":16},"end":{"line":81,"column":null}},"type":"binary-expr","locations":[{"start":{"line":81,"column":16},"end":{"line":81,"column":33}},{"start":{"line":81,"column":33},"end":{"line":81,"column":null}}],"line":81},"10":{"loc":{"start":{"line":82,"column":15},"end":{"line":82,"column":null}},"type":"binary-expr","locations":[{"start":{"line":82,"column":15},"end":{"line":82,"column":38}},{"start":{"line":82,"column":38},"end":{"line":82,"column":null}}],"line":82},"11":{"loc":{"start":{"line":83,"column":19},"end":{"line":83,"column":41}},"type":"binary-expr","locations":[{"start":{"line":83,"column":19},"end":{"line":83,"column":39}},{"start":{"line":83,"column":39},"end":{"line":83,"column":41}}],"line":83},"12":{"loc":{"start":{"line":89,"column":17},"end":{"line":89,"column":null}},"type":"cond-expr","locations":[{"start":{"line":89,"column":34},"end":{"line":89,"column":72}},{"start":{"line":89,"column":75},"end":{"line":89,"column":null}}],"line":89},"13":{"loc":{"start":{"line":99,"column":55},"end":{"line":99,"column":75}},"type":"cond-expr","locations":[{"start":{"line":99,"column":67},"end":{"line":99,"column":72}},{"start":{"line":99,"column":72},"end":{"line":99,"column":75}}],"line":99},"14":{"loc":{"start":{"line":102,"column":38},"end":{"line":102,"column":null}},"type":"cond-expr","locations":[{"start":{"line":102,"column":46},"end":{"line":102,"column":58}},{"start":{"line":102,"column":58},"end":{"line":102,"column":null}}],"line":102},"15":{"loc":{"start":{"line":104,"column":17},"end":{"line":104,"column":null}},"type":"cond-expr","locations":[{"start":{"line":104,"column":25},"end":{"line":104,"column":42}},{"start":{"line":104,"column":42},"end":{"line":104,"column":null}}],"line":104},"16":{"loc":{"start":{"line":110,"column":42},"end":{"line":110,"column":72}},"type":"cond-expr","locations":[{"start":{"line":110,"column":50},"end":{"line":110,"column":65}},{"start":{"line":110,"column":65},"end":{"line":110,"column":72}}],"line":110},"17":{"loc":{"start":{"line":113,"column":9},"end":{"line":115,"column":null}},"type":"binary-expr","locations":[{"start":{"line":113,"column":9},"end":{"line":113,"column":null}},{"start":{"line":114,"column":10},"end":{"line":115,"column":null}}],"line":113},"18":{"loc":{"start":{"line":118,"column":9},"end":{"line":120,"column":null}},"type":"binary-expr","locations":[{"start":{"line":118,"column":9},"end":{"line":118,"column":null}},{"start":{"line":119,"column":10},"end":{"line":120,"column":null}}],"line":118},"19":{"loc":{"start":{"line":124,"column":43},"end":{"line":124,"column":81}},"type":"cond-expr","locations":[{"start":{"line":124,"column":54},"end":{"line":124,"column":65}},{"start":{"line":124,"column":65},"end":{"line":124,"column":81}}],"line":124},"20":{"loc":{"start":{"line":129,"column":7},"end":{"line":134,"column":null}},"type":"binary-expr","locations":[{"start":{"line":129,"column":7},"end":{"line":129,"column":20}},{"start":{"line":129,"column":20},"end":{"line":129,"column":null}},{"start":{"line":130,"column":8},"end":{"line":134,"column":null}}],"line":129},"21":{"loc":{"start":{"line":137,"column":7},"end":{"line":242,"column":null}},"type":"binary-expr","locations":[{"start":{"line":137,"column":7},"end":{"line":137,"column":19}},{"start":{"line":137,"column":19},"end":{"line":137,"column":null}},{"start":{"line":138,"column":8},"end":{"line":242,"column":null}}],"line":137},"22":{"loc":{"start":{"line":142,"column":13},"end":{"line":156,"column":null}},"type":"cond-expr","locations":[{"start":{"line":143,"column":14},"end":{"line":154,"column":15}},{"start":{"line":154,"column":14},"end":{"line":156,"column":null}}],"line":142},"23":{"loc":{"start":{"line":149,"column":18},"end":{"line":149,"column":null}},"type":"if","locations":[{"start":{"line":149,"column":18},"end":{"line":149,"column":null}},{"start":{},"end":{}}],"line":149},"24":{"loc":{"start":{"line":150,"column":18},"end":{"line":150,"column":null}},"type":"if","locations":[{"start":{"line":150,"column":18},"end":{"line":150,"column":null}},{"start":{},"end":{}}],"line":150},"25":{"loc":{"start":{"line":163,"column":13},"end":{"line":179,"column":null}},"type":"cond-expr","locations":[{"start":{"line":164,"column":14},"end":{"line":173,"column":15}},{"start":{"line":173,"column":14},"end":{"line":179,"column":null}}],"line":163},"26":{"loc":{"start":{"line":168,"column":33},"end":{"line":168,"column":77}},"type":"cond-expr","locations":[{"start":{"line":168,"column":46},"end":{"line":168,"column":66}},{"start":{"line":168,"column":66},"end":{"line":168,"column":77}}],"line":168},"27":{"loc":{"start":{"line":170,"column":36},"end":{"line":170,"column":null}},"type":"if","locations":[{"start":{"line":170,"column":36},"end":{"line":170,"column":null}},{"start":{},"end":{}}],"line":170},"28":{"loc":{"start":{"line":175,"column":50},"end":{"line":175,"column":null}},"type":"cond-expr","locations":[{"start":{"line":175,"column":58},"end":{"line":175,"column":68}},{"start":{"line":175,"column":68},"end":{"line":175,"column":null}}],"line":175},"29":{"loc":{"start":{"line":178,"column":17},"end":{"line":178,"column":null}},"type":"binary-expr","locations":[{"start":{"line":178,"column":17},"end":{"line":178,"column":25}},{"start":{"line":178,"column":25},"end":{"line":178,"column":null}}],"line":178},"30":{"loc":{"start":{"line":184,"column":11},"end":{"line":212,"column":null}},"type":"binary-expr","locations":[{"start":{"line":184,"column":11},"end":{"line":184,"column":null}},{"start":{"line":185,"column":12},"end":{"line":212,"column":null}}],"line":184},"31":{"loc":{"start":{"line":190,"column":69},"end":{"line":190,"column":214}},"type":"cond-expr","locations":[{"start":{"line":190,"column":105},"end":{"line":190,"column":209}},{"start":{"line":190,"column":212},"end":{"line":190,"column":214}}],"line":190},"32":{"loc":{"start":{"line":196,"column":50},"end":{"line":196,"column":null}},"type":"cond-expr","locations":[{"start":{"line":196,"column":65},"end":{"line":196,"column":77}},{"start":{"line":196,"column":77},"end":{"line":196,"column":null}}],"line":196},"33":{"loc":{"start":{"line":203,"column":29},"end":{"line":203,"column":null}},"type":"cond-expr","locations":[{"start":{"line":203,"column":44},"end":{"line":203,"column":56}},{"start":{"line":203,"column":56},"end":{"line":203,"column":null}}],"line":203},"34":{"loc":{"start":{"line":209,"column":55},"end":{"line":209,"column":86}},"type":"cond-expr","locations":[{"start":{"line":209,"column":70},"end":{"line":209,"column":79}},{"start":{"line":209,"column":79},"end":{"line":209,"column":86}}],"line":209},"35":{"loc":{"start":{"line":217,"column":11},"end":{"line":229,"column":null}},"type":"binary-expr","locations":[{"start":{"line":217,"column":11},"end":{"line":217,"column":null}},{"start":{"line":218,"column":12},"end":{"line":229,"column":null}}],"line":217},"36":{"loc":{"start":{"line":234,"column":11},"end":{"line":242,"column":null}},"type":"binary-expr","locations":[{"start":{"line":234,"column":11},"end":{"line":234,"column":null}},{"start":{"line":235,"column":12},"end":{"line":242,"column":null}}],"line":234}},"s":{"0":0,"1":0,"2":0,"3":0,"4":0,"5":0,"6":0,"7":0,"8":0,"9":0,"10":0,"11":0,"12":0,"13":0,"14":0,"15":0,"16":0,"17":0,"18":0,"19":0,"20":0,"21":0,"22":0,"23":0,"24":0,"25":0,"26":0,"27":0,"28":0,"29":0,"30":0,"31":0,"32":0,"33":0,"34":0,"35":0,"36":0,"37":0,"38":0,"39":0,"40":0,"41":0,"42":0,"43":0,"44":0,"45":0,"46":0,"47":0,"48":0,"49":0,"50":0,"51":0,"52":0,"53":0,"54":0,"55":0,"56":0,"57":0,"58":0,"59":0,"60":0,"61":0,"62":0,"63":0,"64":0,"65":0,"66":0,"67":0,"68":0,"69":0,"70":0,"71":0,"72":0,"73":0,"74":0,"75":0,"76":0,"77":0,"78":0,"79":0,"80":0,"81":0},"f":{"0":0,"1":0,"2":0,"3":0,"4":0,"5":0,"6":0,"7":0,"8":0,"9":0,"10":0,"11":0,"12":0,"13":0,"14":0,"15":0,"16":0,"17":0,"18":0,"19":0,"20":0,"21":0,"22":0,"23":0},"b":{"0":[0],"1":[0,0],"2":[0,0],"3":[0,0],"4":[0,0],"5":[0,0],"6":[0,0],"7":[0,0],"8":[0,0],"9":[0,0],"10":[0,0],"11":[0,0],"12":[0,0],"13":[0,0],"14":[0,0],"15":[0,0],"16":[0,0],"17":[0,0],"18":[0,0],"19":[0,0],"20":[0,0,0],"21":[0,0,0],"22":[0,0],"23":[0,0],"24":[0,0],"25":[0,0],"26":[0,0],"27":[0,0],"28":[0,0],"29":[0,0],"30":[0,0],"31":[0,0],"32":[0,0],"33":[0,0],"34":[0,0],"35":[0,0],"36":[0,0]},"meta":{"lastBranch":37,"lastFunction":24,"lastStatement":82,"seen":{"f:5:16:5:28":0,"b:7:10:7:Infinity":0,"s:14:19:14:49":0,"s:15:17:15:61":1,"s:16:23:16:57":2,"s:17:22:17:55":3,"s:18:21:18:50":4,"s:19:8:19:46":5,"s:20:21:20:77":6,"s:22:16:22:Infinity":7,"s:24:8:27:18":8,"f:24:33:24:45":1,"s:25:17:25:47":9,"s:26:4:26:Infinity":10,"f:29:17:29:24":2,"s:30:4:30:Infinity":11,"s:31:4:33:Infinity":12,"s:32:6:32:Infinity":13,"b:32:58:32:67:32:67:32:75":1,"s:34:4:34:Infinity":14,"f:37:17:37:26":3,"b:38:4:38:Infinity:undefined:undefined:undefined:undefined":2,"s:38:4:38:Infinity":15,"s:38:20:38:40":16,"s:38:40:38:Infinity":17,"b:39:4:39:Infinity:undefined:undefined:undefined:undefined":3,"s:39:4:39:Infinity":18,"s:39:17:39:Infinity":19,"s:40:4:40:Infinity":20,"f:43:17:43:27":4,"s:44:4:44:Infinity":21,"b:45:4:48:Infinity:undefined:undefined:undefined:undefined":4,"s:45:4:48:Infinity":22,"b:45:8:45:20:45:24:45:68":5,"b:45:35:45:52:45:52:45:68":6,"s:46:6:46:Infinity":23,"s:47:6:47:Infinity":24,"s:48:6:48:Infinity":25,"f:52:11:52:25":5,"s:53:4:53:Infinity":26,"b:54:4:54:Infinity:undefined:undefined:undefined:undefined":7,"s:54:4:54:Infinity":27,"s:54:25:54:Infinity":28,"s:55:4:55:Infinity":29,"f:58:17:58:26":6,"s:59:4:59:Infinity":30,"s:60:4:60:Infinity":31,"s:61:4:61:Infinity":32,"s:62:4:62:Infinity":33,"s:63:4:63:Infinity":34,"f:66:17:66:30":7,"s:67:4:67:Infinity":35,"s:68:4:68:Infinity":36,"s:69:4:69:Infinity":37,"f:72:17:72:26":8,"s:73:4:73:Infinity":38,"b:74:4:74:Infinity:undefined:undefined:undefined:undefined":8,"s:74:4:74:Infinity":39,"s:74:28:74:Infinity":40,"s:75:4:75:Infinity":41,"s:76:4:76:Infinity":42,"s:77:4:77:Infinity":43,"s:78:4:78:Infinity":44,"s:81:16:81:Infinity":45,"b:81:16:81:33:81:33:81:Infinity":9,"s:82:15:82:Infinity":46,"b:82:15:82:38:82:38:82:Infinity":10,"s:83:19:83:41":47,"b:83:19:83:39:83:39:83:41":11,"s:86:19:86:Infinity":48,"s:87:18:87:Infinity":49,"s:88:25:88:Infinity":50,"s:89:17:89:Infinity":51,"b:89:34:89:72:89:75:89:Infinity":12,"s:92:18:92:Infinity":52,"s:93:17:93:Infinity":53,"s:94:24:94:Infinity":54,"s:96:19:96:Infinity":55,"s:98:2:242:Infinity":56,"b:99:67:99:72:99:72:99:75":13,"b:102:46:102:58:102:58:102:Infinity":14,"b:104:25:104:42:104:42:104:Infinity":15,"b:110:50:110:65:110:65:110:72":16,"b:113:9:113:Infinity:114:10:115:Infinity":17,"b:118:9:118:Infinity:119:10:120:Infinity":18,"b:124:54:124:65:124:65:124:81":19,"b:129:7:129:20:129:20:129:Infinity:130:8:134:Infinity":20,"b:137:7:137:19:137:19:137:Infinity:138:8:242:Infinity":21,"b:143:14:154:15:154:14:156:Infinity":22,"f:147:16:147:25":9,"s:147:31:147:56":57,"f:148:16:148:28":10,"b:149:18:149:Infinity:undefined:undefined:undefined:undefined":23,"s:149:18:149:Infinity":58,"s:149:41:149:Infinity":59,"b:150:18:150:Infinity:undefined:undefined:undefined:undefined":24,"s:150:18:150:Infinity":60,"s:150:42:150:Infinity":61,"f:154:52:154:62":11,"s:154:70:154:91":62,"s:154:91:154:Infinity":63,"b:164:14:173:15:173:14:179:Infinity":25,"b:168:46:168:66:168:66:168:77":26,"f:169:16:169:25":12,"s:169:31:169:55":64,"f:170:16:170:28":13,"b:170:36:170:Infinity:undefined:undefined:undefined:undefined":27,"s:170:36:170:Infinity":65,"s:170:62:170:85":66,"s:170:85:170:Infinity":67,"b:175:58:175:68:175:68:175:Infinity":28,"b:178:17:178:25:178:25:178:Infinity":29,"b:184:11:184:Infinity:185:12:212:Infinity":30,"f:187:50:187:57":14,"s:187:62:187:72":68,"b:190:105:190:209:190:212:190:214":31,"f:190:140:190:147":15,"s:190:152:190:162":69,"f:193:40:193:45":16,"s:194:18:210:Infinity":70,"b:196:65:196:77:196:77:196:Infinity":32,"f:197:31:197:38":17,"s:198:24:198:Infinity":71,"s:199:24:199:Infinity":72,"s:200:24:200:Infinity":73,"s:201:24:201:Infinity":74,"b:203:44:203:56:203:56:203:Infinity":33,"b:209:70:209:79:209:79:209:86":34,"b:217:11:217:Infinity:218:12:229:Infinity":35,"f:220:35:220:42":18,"s:220:47:220:67":75,"f:223:91:223:98":19,"s:223:103:223:123":76,"f:226:26:226:31":20,"s:227:18:227:Infinity":77,"f:227:82:227:94":21,"s:227:96:227:116":78,"s:227:116:227:133":79,"b:234:11:234:Infinity:235:12:242:Infinity":36,"f:238:16:238:27":22,"s:238:33:238:62":80,"f:240:16:240:26":23,"s:240:32:240:Infinity":81}}}
,"/Users/mykhailo/MyProjects/job-tracker/frontend/src/components/TaskDetail.tsx": {"path":"/Users/mykhailo/MyProjects/job-tracker/frontend/src/components/TaskDetail.tsx","statementMap":{"0":{"start":{"line":9,"column":23},"end":{"line":9,"column":null}},"1":{"start":{"line":10,"column":25},"end":{"line":10,"column":null}},"2":{"start":{"line":11,"column":25},"end":{"line":23,"column":null}},"3":{"start":{"line":26,"column":2},"end":{"line":26,"column":null}},"4":{"start":{"line":26,"column":10},"end":{"line":26,"column":null}},"5":{"start":{"line":27,"column":2},"end":{"line":27,"column":null}},"6":{"start":{"line":31,"column":2},"end":{"line":31,"column":null}},"7":{"start":{"line":31,"column":10},"end":{"line":31,"column":null}},"8":{"start":{"line":32,"column":2},"end":{"line":32,"column":null}},"9":{"start":{"line":48,"column":15},"end":{"line":48,"column":57}},"10":{"start":{"line":49,"column":16},"end":{"line":49,"column":57}},"11":{"start":{"line":50,"column":23},"end":{"line":50,"column":71}},"12":{"start":{"line":51,"column":19},"end":{"line":51,"column":46}},"13":{"start":{"line":52,"column":23},"end":{"line":52,"column":54}},"14":{"start":{"line":53,"column":28},"end":{"line":53,"column":67}},"15":{"start":{"line":54,"column":8},"end":{"line":54,"column":49}},"16":{"start":{"line":55,"column":21},"end":{"line":55,"column":77}},"17":{"start":{"line":57,"column":8},"end":{"line":59,"column":null}},"18":{"start":{"line":58,"column":4},"end":{"line":58,"column":null}},"19":{"start":{"line":59,"column":4},"end":{"line":59,"column":null}},"20":{"start":{"line":62,"column":2},"end":{"line":66,"column":null}},"21":{"start":{"line":63,"column":4},"end":{"line":63,"column":null}},"22":{"start":{"line":64,"column":4},"end":{"line":64,"column":null}},"23":{"start":{"line":65,"column":4},"end":{"line":65,"column":null}},"24":{"start":{"line":69,"column":4},"end":{"line":69,"column":null}},"25":{"start":{"line":70,"column":4},"end":{"line":81,"column":null}},"26":{"start":{"line":71,"column":6},"end":{"line":71,"column":null}},"27":{"start":{"line":72,"column":6},"end":{"line":72,"column":null}},"28":{"start":{"line":73,"column":6},"end":{"line":73,"column":null}},"29":{"start":{"line":74,"column":6},"end":{"line":74,"column":null}},"30":{"start":{"line":76,"column":6},"end":{"line":81,"column":null}},"31":{"start":{"line":77,"column":8},"end":{"line":81,"column":null}},"32":{"start":{"line":78,"column":23},"end":{"line":78,"column":41}},"33":{"start":{"line":79,"column":10},"end":{"line":79,"column":null}},"34":{"start":{"line":81,"column":10},"end":{"line":81,"column":null}},"35":{"start":{"line":88,"column":4},"end":{"line":88,"column":null}},"36":{"start":{"line":88,"column":15},"end":{"line":88,"column":null}},"37":{"start":{"line":89,"column":22},"end":{"line":89,"column":null}},"38":{"start":{"line":90,"column":4},"end":{"line":90,"column":null}},"39":{"start":{"line":94,"column":4},"end":{"line":94,"column":null}},"40":{"start":{"line":95,"column":4},"end":{"line":95,"column":null}},"41":{"start":{"line":95,"column":26},"end":{"line":95,"column":null}},"42":{"start":{"line":96,"column":4},"end":{"line":96,"column":null}},"43":{"start":{"line":97,"column":4},"end":{"line":97,"column":null}},"44":{"start":{"line":98,"column":4},"end":{"line":98,"column":null}},"45":{"start":{"line":102,"column":4},"end":{"line":102,"column":null}},"46":{"start":{"line":103,"column":4},"end":{"line":103,"column":null}},"47":{"start":{"line":103,"column":30},"end":{"line":103,"column":null}},"48":{"start":{"line":104,"column":4},"end":{"line":107,"column":null}},"49":{"start":{"line":108,"column":4},"end":{"line":108,"column":null}},"50":{"start":{"line":109,"column":4},"end":{"line":109,"column":null}},"51":{"start":{"line":110,"column":4},"end":{"line":110,"column":null}},"52":{"start":{"line":113,"column":2},"end":{"line":117,"column":null}},"53":{"start":{"line":114,"column":4},"end":{"line":117,"column":null}},"54":{"start":{"line":121,"column":17},"end":{"line":121,"column":null}},"55":{"start":{"line":123,"column":4},"end":{"line":125,"column":null}},"56":{"start":{"line":127,"column":2},"end":{"line":371,"column":null}},"57":{"start":{"line":132,"column":25},"end":{"line":132,"column":51}},"58":{"start":{"line":149,"column":29},"end":{"line":149,"column":74}},"59":{"start":{"line":150,"column":26},"end":{"line":150,"column":37}},"60":{"start":{"line":178,"column":29},"end":{"line":178,"column":65}},"61":{"start":{"line":180,"column":16},"end":{"line":182,"column":null}},"62":{"start":{"line":181,"column":18},"end":{"line":181,"column":null}},"63":{"start":{"line":182,"column":18},"end":{"line":182,"column":null}},"64":{"start":{"line":184,"column":16},"end":{"line":184,"column":null}},"65":{"start":{"line":184,"column":40},"end":{"line":184,"column":null}},"66":{"start":{"line":190,"column":29},"end":{"line":190,"column":53}},"67":{"start":{"line":204,"column":26},"end":{"line":204,"column":51}},"68":{"start":{"line":205,"column":27},"end":{"line":205,"column":51}},"69":{"start":{"line":206,"column":28},"end":{"line":206,"column":null}},"70":{"start":{"line":213,"column":26},"end":{"line":213,"column":53}},"71":{"start":{"line":214,"column":27},"end":{"line":214,"column":53}},"72":{"start":{"line":215,"column":28},"end":{"line":215,"column":null}},"73":{"start":{"line":223,"column":26},"end":{"line":223,"column":53}},"74":{"start":{"line":224,"column":27},"end":{"line":224,"column":61}},"75":{"start":{"line":225,"column":28},"end":{"line":225,"column":null}},"76":{"start":{"line":231,"column":26},"end":{"line":231,"column":53}},"77":{"start":{"line":232,"column":27},"end":{"line":232,"column":61}},"78":{"start":{"line":233,"column":28},"end":{"line":233,"column":null}},"79":{"start":{"line":239,"column":26},"end":{"line":239,"column":59}},"80":{"start":{"line":240,"column":27},"end":{"line":240,"column":67}},"81":{"start":{"line":241,"column":28},"end":{"line":241,"column":null}},"82":{"start":{"line":248,"column":28},"end":{"line":248,"column":62}},"83":{"start":{"line":249,"column":29},"end":{"line":249,"column":70}},"84":{"start":{"line":250,"column":30},"end":{"line":250,"column":null}},"85":{"start":{"line":264,"column":31},"end":{"line":264,"column":75}},"86":{"start":{"line":264,"column":75},"end":{"line":264,"column":null}},"87":{"start":{"line":266,"column":16},"end":{"line":266,"column":null}},"88":{"start":{"line":266,"column":42},"end":{"line":266,"column":65}},"89":{"start":{"line":266,"column":65},"end":{"line":266,"column":null}},"90":{"start":{"line":274,"column":16},"end":{"line":274,"column":null}},"91":{"start":{"line":274,"column":40},"end":{"line":274,"column":null}},"92":{"start":{"line":275,"column":16},"end":{"line":275,"column":null}},"93":{"start":{"line":319,"column":14},"end":{"line":319,"column":null}},"94":{"start":{"line":319,"column":68},"end":{"line":319,"column":76}},"95":{"start":{"line":319,"column":76},"end":{"line":319,"column":93}},"96":{"start":{"line":325,"column":31},"end":{"line":325,"column":62}},"97":{"start":{"line":337,"column":31},"end":{"line":337,"column":58}},"98":{"start":{"line":345,"column":16},"end":{"line":353,"column":null}},"99":{"start":{"line":367,"column":12},"end":{"line":367,"column":null}},"100":{"start":{"line":368,"column":12},"end":{"line":368,"column":null}},"101":{"start":{"line":370,"column":26},"end":{"line":370,"column":null}},"102":{"start":{"line":398,"column":2},"end":{"line":419,"column":null}},"103":{"start":{"line":406,"column":27},"end":{"line":406,"column":49}},"104":{"start":{"line":411,"column":12},"end":{"line":413,"column":null}},"105":{"start":{"line":440,"column":2},"end":{"line":460,"column":null}},"106":{"start":{"line":450,"column":22},"end":{"line":450,"column":null}},"107":{"start":{"line":451,"column":12},"end":{"line":451,"column":null}},"108":{"start":{"line":454,"column":12},"end":{"line":454,"column":null}},"109":{"start":{"line":454,"column":36},"end":{"line":454,"column":null}}},"fnMap":{"0":{"name":"formatDate","decl":{"start":{"line":25,"column":9},"end":{"line":25,"column":20}},"loc":{"start":{"line":25,"column":46},"end":{"line":27,"column":null}},"line":25},"1":{"name":"toInputDate","decl":{"start":{"line":30,"column":9},"end":{"line":30,"column":21}},"loc":{"start":{"line":30,"column":47},"end":{"line":32,"column":null}},"line":30},"2":{"name":"TaskDetail","decl":{"start":{"line":35,"column":16},"end":{"line":35,"column":27}},"loc":{"start":{"line":47,"column":3},"end":{"line":371,"column":null}},"line":47},"3":{"name":"(anonymous_3)","decl":{"start":{"line":57,"column":8},"end":{"line":57,"column":21}},"loc":{"start":{"line":57,"column":21},"end":{"line":59,"column":null}},"line":57},"4":{"name":"(anonymous_4)","decl":{"start":{"line":62,"column":2},"end":{"line":62,"column":18}},"loc":{"start":{"line":62,"column":18},"end":{"line":66,"column":6}},"line":62},"5":{"name":"updateField","decl":{"start":{"line":68,"column":17},"end":{"line":68,"column":29}},"loc":{"start":{"line":68,"column":60},"end":{"line":81,"column":null}},"line":68},"6":{"name":"toggleMainStatus","decl":{"start":{"line":87,"column":17},"end":{"line":87,"column":36}},"loc":{"start":{"line":87,"column":36},"end":{"line":90,"column":null}},"line":87},"7":{"name":"addNote","decl":{"start":{"line":93,"column":17},"end":{"line":93,"column":25}},"loc":{"start":{"line":93,"column":45},"end":{"line":98,"column":null}},"line":93},"8":{"name":"addSubtask","decl":{"start":{"line":101,"column":17},"end":{"line":101,"column":28}},"loc":{"start":{"line":101,"column":48},"end":{"line":110,"column":null}},"line":101},"9":{"name":"(anonymous_9)","decl":{"start":{"line":132,"column":10},"end":{"line":132,"column":25}},"loc":{"start":{"line":132,"column":25},"end":{"line":132,"column":51}},"line":132},"10":{"name":"(anonymous_10)","decl":{"start":{"line":149,"column":15},"end":{"line":149,"column":23}},"loc":{"start":{"line":149,"column":29},"end":{"line":149,"column":74}},"line":149},"11":{"name":"(anonymous_11)","decl":{"start":{"line":150,"column":15},"end":{"line":150,"column":20}},"loc":{"start":{"line":150,"column":26},"end":{"line":150,"column":37}},"line":150},"12":{"name":"(anonymous_12)","decl":{"start":{"line":178,"column":14},"end":{"line":178,"column":23}},"loc":{"start":{"line":178,"column":29},"end":{"line":178,"column":65}},"line":178},"13":{"name":"(anonymous_13)","decl":{"start":{"line":179,"column":14},"end":{"line":179,"column":26}},"loc":{"start":{"line":179,"column":32},"end":{"line":184,"column":null}},"line":179},"14":{"name":"(anonymous_14)","decl":{"start":{"line":190,"column":14},"end":{"line":190,"column":29}},"loc":{"start":{"line":190,"column":29},"end":{"line":190,"column":53}},"line":190},"15":{"name":"(anonymous_15)","decl":{"start":{"line":204,"column":12},"end":{"line":204,"column":26}},"loc":{"start":{"line":204,"column":26},"end":{"line":204,"column":51}},"line":204},"16":{"name":"(anonymous_16)","decl":{"start":{"line":205,"column":12},"end":{"line":205,"column":21}},"loc":{"start":{"line":205,"column":27},"end":{"line":205,"column":51}},"line":205},"17":{"name":"(anonymous_17)","decl":{"start":{"line":206,"column":12},"end":{"line":206,"column":28}},"loc":{"start":{"line":206,"column":28},"end":{"line":206,"column":null}},"line":206},"18":{"name":"(anonymous_18)","decl":{"start":{"line":213,"column":12},"end":{"line":213,"column":26}},"loc":{"start":{"line":213,"column":26},"end":{"line":213,"column":53}},"line":213},"19":{"name":"(anonymous_19)","decl":{"start":{"line":214,"column":12},"end":{"line":214,"column":21}},"loc":{"start":{"line":214,"column":27},"end":{"line":214,"column":53}},"line":214},"20":{"name":"(anonymous_20)","decl":{"start":{"line":215,"column":12},"end":{"line":215,"column":28}},"loc":{"start":{"line":215,"column":28},"end":{"line":215,"column":null}},"line":215},"21":{"name":"(anonymous_21)","decl":{"start":{"line":223,"column":12},"end":{"line":223,"column":26}},"loc":{"start":{"line":223,"column":26},"end":{"line":223,"column":53}},"line":223},"22":{"name":"(anonymous_22)","decl":{"start":{"line":224,"column":12},"end":{"line":224,"column":21}},"loc":{"start":{"line":224,"column":27},"end":{"line":224,"column":61}},"line":224},"23":{"name":"(anonymous_23)","decl":{"start":{"line":225,"column":12},"end":{"line":225,"column":28}},"loc":{"start":{"line":225,"column":28},"end":{"line":225,"column":null}},"line":225},"24":{"name":"(anonymous_24)","decl":{"start":{"line":231,"column":12},"end":{"line":231,"column":26}},"loc":{"start":{"line":231,"column":26},"end":{"line":231,"column":53}},"line":231},"25":{"name":"(anonymous_25)","decl":{"start":{"line":232,"column":12},"end":{"line":232,"column":21}},"loc":{"start":{"line":232,"column":27},"end":{"line":232,"column":61}},"line":232},"26":{"name":"(anonymous_26)","decl":{"start":{"line":233,"col
[...]
44,"column":null}},"16":{"start":{"line":41,"column":12},"end":{"line":41,"column":null}}},"fnMap":{"0":{"name":"Pipeline","decl":{"start":{"line":13,"column":16},"end":{"line":13,"column":27}},"loc":{"start":{"line":13,"column":27},"end":{"line":44,"column":null}},"line":13},"1":{"name":"(anonymous_1)","decl":{"start":{"line":18,"column":8},"end":{"line":18,"column":21}},"loc":{"start":{"line":18,"column":21},"end":{"line":18,"column":50}},"line":18},"2":{"name":"(anonymous_2)","decl":{"start":{"line":20,"column":2},"end":{"line":20,"column":18}},"loc":{"start":{"line":20,"column":18},"end":{"line":20,"column":33}},"line":20},"3":{"name":"handleDragEnd","decl":{"start":{"line":22,"column":17},"end":{"line":22,"column":31}},"loc":{"start":{"line":22,"column":52},"end":{"line":30,"column":null}},"line":22},"4":{"name":"(anonymous_4)","decl":{"start":{"line":40,"column":25},"end":{"line":40,"column":30}},"loc":{"start":{"line":41,"column":12},"end":{"line":41,"column":null}},"line":41}},"branchMap":{"0":{"loc":{"start":{"line":24,"column":4},"end":{"line":24,"column":null}},"type":"if","locations":[{"start":{"line":24,"column":4},"end":{"line":24,"column":null}},{"start":{},"end":{}}],"line":24},"1":{"loc":{"start":{"line":24,"column":8},"end":{"line":24,"column":40}},"type":"binary-expr","locations":[{"start":{"line":24,"column":8},"end":{"line":24,"column":17}},{"start":{"line":24,"column":17},"end":{"line":24,"column":40}}],"line":24},"2":{"loc":{"start":{"line":33,"column":2},"end":{"line":33,"column":null}},"type":"if","locations":[{"start":{"line":33,"column":2},"end":{"line":33,"column":null}},{"start":{},"end":{}}],"line":33}},"s":{"0":0,"1":0,"2":0,"3":0,"4":0,"5":0,"6":0,"7":0,"8":0,"9":0,"10":0,"11":0,"12":0,"13":0,"14":0,"15":0,"16":0},"f":{"0":0,"1":0,"2":0,"3":0,"4":0},"b":{"0":[0,0],"1":[0,0],"2":[0,0]},"meta":{"lastBranch":3,"lastFunction":5,"lastStatement":17,"seen":{"f:13:16:13:27":0,"s:14:16:14:60":0,"s:16:8:16:97":1,"s:18:8:18:50":2,"f:18:8:18:21":1,"s:18:21:18:50":3,"s:20:2:20:Infinity":4,"f:20:2:20:18":2,"s:20:20:20:31":5,"f:22:17:22:31":3,"s:23:29:23:Infinity":6,"b:24:4:24:Infinity:undefined:undefined:undefined:undefined":0,"s:24:4:24:Infinity":7,"b:24:8:24:17:24:17:24:40":1,"s:24:40:24:Infinity":8,"s:26:19:26:36":9,"s:27:23:27:38":10,"s:29:4:29:Infinity":11,"s:30:4:30:Infinity":12,"b:33:2:33:Infinity:undefined:undefined:undefined:undefined":2,"s:33:2:33:Infinity":13,"s:33:14:33:Infinity":14,"s:35:2:44:Infinity":15,"f:40:25:40:30":4,"s:41:12:41:Infinity":16}}}
,"/Users/mykhailo/MyProjects/job-tracker/frontend/src/pages/Settings.tsx": {"path":"/Users/mykhailo/MyProjects/job-tracker/frontend/src/pages/Settings.tsx","statementMap":{"0":{"start":{"line":6,"column":2},"end":{"line":10,"column":null}},"1":{"start":{"line":7,"column":14},"end":{"line":7,"column":47}},"2":{"start":{"line":8,"column":4},"end":{"line":8,"column":null}},"3":{"start":{"line":10,"column":4},"end":{"line":10,"column":null}},"4":{"start":{"line":15,"column":2},"end":{"line":15,"column":null}},"5":{"start":{"line":19,"column":2},"end":{"line":19,"column":null}},"6":{"start":{"line":23,"column":20},"end":{"line":23,"column":96}},"7":{"start":{"line":23,"column":62},"end":{"line":23,"column":95}},"8":{"start":{"line":24,"column":16},"end":{"line":24,"column":43}},"9":{"start":{"line":27,"column":4},"end":{"line":27,"column":null}},"10":{"start":{"line":28,"column":4},"end":{"line":28,"column":null}},"11":{"start":{"line":29,"column":4},"end":{"line":29,"column":null}},"12":{"start":{"line":33,"column":4},"end":{"line":33,"column":null}},"13":{"start":{"line":34,"column":4},"end":{"line":34,"column":null}},"14":{"start":{"line":34,"column":21},"end":{"line":34,"column":36}},"15":{"start":{"line":37,"column":2},"end":{"line":88,"column":null}},"16":{"start":{"line":52,"column":29},"end":{"line":52,"column":54}},"17":{"start":{"line":58,"column":29},"end":{"line":58,"column":54}}},"fnMap":{"0":{"name":"getSetting","decl":{"start":{"line":5,"column":9},"end":{"line":5,"column":23}},"loc":{"start":{"line":5,"column":52},"end":{"line":10,"column":null}},"line":5},"1":{"name":"setSetting","decl":{"start":{"line":14,"column":9},"end":{"line":14,"column":20}},"loc":{"start":{"line":14,"column":49},"end":{"line":15,"column":null}},"line":14},"2":{"name":"getWeekStart","decl":{"start":{"line":18,"column":16},"end":{"line":18,"column":42}},"loc":{"start":{"line":18,"column":42},"end":{"line":19,"column":null}},"line":18},"3":{"name":"Settings","decl":{"start":{"line":22,"column":16},"end":{"line":22,"column":27}},"loc":{"start":{"line":22,"column":27},"end":{"line":88,"column":null}},"line":22},"4":{"name":"(anonymous_4)","decl":{"start":{"line":23,"column":36},"end":{"line":23,"column":62}},"loc":{"start":{"line":23,"column":62},"end":{"line":23,"column":95}},"line":23},"5":{"name":"handleWeekStart","decl":{"start":{"line":26,"column":11},"end":{"line":26,"column":27}},"loc":{"start":{"line":26,"column":45},"end":{"line":29,"column":null}},"line":26},"6":{"name":"flashSaved","decl":{"start":{"line":32,"column":11},"end":{"line":32,"column":24}},"loc":{"start":{"line":32,"column":24},"end":{"line":34,"column":null}},"line":32},"7":{"name":"(anonymous_7)","decl":{"start":{"line":34,"column":4},"end":{"line":34,"column":21}},"loc":{"start":{"line":34,"column":21},"end":{"line":34,"column":36}},"line":34},"8":{"name":"(anonymous_8)","decl":{"start":{"line":52,"column":14},"end":{"line":52,"column":29}},"loc":{"start":{"line":52,"column":29},"end":{"line":52,"column":54}},"line":52},"9":{"name":"(anonymous_9)","decl":{"start":{"line":58,"column":14},"end":{"line":58,"column":29}},"loc":{"start":{"line":58,"column":29},"end":{"line":58,"column":54}},"line":58}},"branchMap":{"0":{"loc":{"start":{"line":8,"column":11},"end":{"line":8,"column":null}},"type":"cond-expr","locations":[{"start":{"line":8,"column":24},"end":{"line":8,"column":37}},{"start":{"line":8,"column":40},"end":{"line":8,"column":null}}],"line":8},"1":{"loc":{"start":{"line":51,"column":48},"end":{"line":51,"column":null}},"type":"cond-expr","locations":[{"start":{"line":51,"column":73},"end":{"line":51,"column":84}},{"start":{"line":51,"column":84},"end":{"line":51,"column":null}}],"line":51},"2":{"loc":{"start":{"line":57,"column":48},"end":{"line":57,"column":null}},"type":"cond-expr","locations":[{"start":{"line":57,"column":73},"end":{"line":57,"column":84}},{"start":{"line":57,"column":84},"end":{"line":57,"column":null}}],"line":57},"3":{"loc":{"start":{"line":88,"column":7},"end":{"line":88,"column":null}},"type":"binary-expr","locations":[{"start":{"line":88,"column":7},"end":{"line":88,"column":16}},{"start":{"line":88,"column":16},"end":{"line":88,"column":null}}],"line":88}},"s":{"0":0,"1":0,"2":0,"3":0,"4":0,"5":0,"6":0,"7":0,"8":0,"9":0,"10":0,"11":0,"12":0,"13":0,"14":0,"15":0,"16":0,"17":0},"f":{"0":0,"1":0,"2":0,"3":0,"4":0,"5":0,"6":0,"7":0,"8":0,"9":0},"b":{"0":[0,0],"1":[0,0],"2":[0,0],"3":[0,0]},"meta":{"lastBranch":4,"lastFunction":10,"lastStatement":18,"seen":{"f:5:9:5:23":0,"s:6:2:10:Infinity":0,"s:7:14:7:47":1,"s:8:4:8:Infinity":2,"b:8:24:8:37:8:40:8:Infinity":0,"s:10:4:10:Infinity":3,"f:14:9:14:20":1,"s:15:2:15:Infinity":4,"f:18:16:18:42":2,"s:19:2:19:Infinity":5,"f:22:16:22:27":3,"s:23:20:23:96":6,"f:23:36:23:62":4,"s:23:62:23:95":7,"s:24:16:24:43":8,"f:26:11:26:27":5,"s:27:4:27:Infinity":9,"s:28:4:28:Infinity":10,"s:29:4:29:Infinity":11,"f:32:11:32:24":6,"s:33:4:33:Infinity":12,"s:34:4:34:Infinity":13,"f:34:4:34:21":7,"s:34:21:34:36":14,"s:37:2:88:Infinity":15,"b:51:73:51:84:51:84:51:Infinity":1,"f:52:14:52:29":8,"s:52:29:52:54":16,"b:57:73:57:84:57:84:57:Infinity":2,"f:58:14:58:29":9,"s:58:29:58:54":17,"b:88:7:88:16:88:16:88:Infinity":3}}}
,"/Users/mykhailo/MyProjects/job-tracker/frontend/src/pages/Tasks.tsx": {"path":"/Users/mykhailo/MyProjects/job-tracker/frontend/src/pages/Tasks.tsx","statementMap":{"0":{"start":{"line":8,"column":23},"end":{"line":8,"column":null}},"1":{"start":{"line":11,"column":16},"end":{"line":11,"column":53}},"2":{"start":{"line":12,"column":21},"end":{"line":12,"column":67}},"3":{"start":{"line":13,"column":16},"end":{"line":13,"column":40}},"4":{"start":{"line":14,"column":17},"end":{"line":14,"column":42}},"5":{"start":{"line":15,"column":23},"end":{"line":15,"column":71}},"6":{"start":{"line":16,"column":23},"end":{"line":16,"column":59}},"7":{"start":{"line":19,"column":2},"end":{"line":25,"column":null}},"8":{"start":{"line":20,"column":16},"end":{"line":20,"column":44}},"9":{"start":{"line":21,"column":4},"end":{"line":23,"column":null}},"10":{"start":{"line":22,"column":6},"end":{"line":22,"column":null}},"11":{"start":{"line":23,"column":6},"end":{"line":23,"column":null}},"12":{"start":{"line":27,"column":8},"end":{"line":32,"column":28}},"13":{"start":{"line":28,"column":43},"end":{"line":28,"column":64}},"14":{"start":{"line":29,"column":4},"end":{"line":29,"column":null}},"15":{"start":{"line":29,"column":23},"end":{"line":29,"column":null}},"16":{"start":{"line":30,"column":4},"end":{"line":30,"column":null}},"17":{"start":{"line":30,"column":22},"end":{"line":30,"column":null}},"18":{"start":{"line":31,"column":4},"end":{"line":31,"column":null}},"19":{"start":{"line":34,"column":2},"end":{"line":36,"column":null}},"20":{"start":{"line":35,"column":4},"end":{"line":35,"column":null}},"21":{"start":{"line":39,"column":4},"end":{"line":39,"column":null}},"22":{"start":{"line":40,"column":4},"end":{"line":40,"column":null}},"23":{"start":{"line":40,"column":23},"end":{"line":40,"column":null}},"24":{"start":{"line":41,"column":20},"end":{"line":41,"column":73}},"25":{"start":{"line":42,"column":4},"end":{"line":42,"column":null}},"26":{"start":{"line":43,"column":4},"end":{"line":43,"column":null}},"27":{"start":{"line":44,"column":4},"end":{"line":44,"column":null}},"28":{"start":{"line":48,"column":4},"end":{"line":48,"column":null}},"29":{"start":{"line":49,"column":4},"end":{"line":49,"column":null}},"30":{"start":{"line":49,"column":27},"end":{"line":49,"column":null}},"31":{"start":{"line":50,"column":4},"end":{"line":50,"column":null}},"32":{"start":{"line":53,"column":17},"end":{"line":54,"column":null}},"33":{"start":{"line":54,"column":11},"end":{"line":54,"column":null}},"34":{"start":{"line":56,"column":15},"end":{"line":57,"column":null}},"35":{"start":{"line":57,"column":11},"end":{"line":57,"column":null}},"36":{"start":{"line":60,"column":2},"end":{"line":137,"column":null}},"37":{"start":{"line":66,"column":29},"end":{"line":66,"column":53}},"38":{"start":{"line":77,"column":29},"end":{"line":77,"column":54}},"39":{"start":{"line":81,"column":12},"end":{"line":87,"column":null}},"40":{"start":{"line":84,"column":29},"end":{"line":84,"column":75}},"41":{"start":{"line":92,"column":29},"end":{"line":92,"column":50}},"42":{"start":{"line":102,"column":12},"end":{"line":108,"column":null}},"43":{"start":{"line":117,"column":16},"end":{"line":123,"column":null}},"44":{"start":{"line":133,"column":25},"end":{"line":133,"column":44}},"45":{"start":{"line":134,"column":26},"end":{"line":134,"column":51}}},"fnMap":{"0":{"name":"Tasks","decl":{"start":{"line":10,"column":16},"end":{"line":10,"column":24}},"loc":{"start":{"line":10,"column":24},"end":{"line":137,"column":null}},"line":10},"1":{"name":"(anonymous_1)","decl":{"start":{"line":19,"column":2},"end":{"line":19,"column":18}},"loc":{"start":{"line":19,"column":18},"end":{"line":25,"column":6}},"line":19},"2":{"name":"(anonymous_2)","decl":{"start":{"line":27,"column":15},"end":{"line":27,"column":33}},"loc":{"start":{"line":27,"column":33},"end":{"line":32,"column":6}},"line":27},"3":{"name":"(anonymous_3)","decl":{"start":{"line":34,"column":2},"end":{"line":34,"column":18}},"loc":{"start":{"line":34,"column":18},"end":{"line":36,"column":6}},"line":34},"4":{"name":"handleCreate","decl":{"start":{"line":38,"column":17},"end":{"line":38,"column":30}},"loc":{"start":{"line":38,"column":50},"end":{"line":44,"column":null}},"line":38},"5":{"name":"handleDelete","decl":{"start":{"line":47,"column":17},"end":{"line":47,"column":30}},"loc":{"start":{"line":47,"column":42},"end":{"line":50,"column":null}},"line":47},"6":{"name":"(anonymous_6)","decl":{"start":{"line":53,"column":23},"end":{"line":53,"column":null}},"loc":{"start":{"line":54,"column":11},"end":{"line":54,"column":null}},"line":54},"7":{"name":"(anonymous_7)","decl":{"start":{"line":56,"column":21},"end":{"line":56,"column":null}},"loc":{"start":{"line":57,"column":11},"end":{"line":57,"column":null}},"line":57},"8":{"name":"(anonymous_8)","decl":{"start":{"line":66,"column":12},"end":{"line":66,"column":23}},"loc":{"start":{"line":66,"column":29},"end":{"line":66,"column":53}},"line":66},"9":{"name":"(anonymous_9)","decl":{"start":{"line":77,"column":12},"end":{"line":77,"column":23}},"loc":{"start":{"line":77,"column":29},"end":{"line":77,"column":54}},"line":77},"10":{"name":"(anonymous_10)","decl":{"start":{"line":80,"column":26},"end":{"line":80,"column":31}},"loc":{"start":{"line":81,"column":12},"end":{"line":87,"column":null}},"line":81},"11":{"name":"(anonymous_11)","decl":{"start":{"line":84,"column":14},"end":{"line":84,"column":29}},"loc":{"start":{"line":84,"column":29},"end":{"line":84,"column":75}},"line":84},"12":{"name":"(anonymous_12)","decl":{"start":{"line":92,"column":14},"end":{"line":92,"column":29}},"loc":{"start":{"line":92,"column":29},"end":{"line":92,"column":50}},"line":92},"13":{"name":"(anonymous_13)","decl":{"start":{"line":101,"column":18},"end":{"line":101,"column":23}},"loc":{"start":{"line":102,"column":12},"end":{"line":108,"column":null}},"line":102},"14":{"name":"(anonymous_14)","decl":{"start":{"line":116,"column":20},"end":{"line":116,"column":25}},"loc":{"start":{"line":117,"column":16},"end":{"line":123,"column":null}},"line":117},"15":{"name":"(anonymous_15)","decl":{"start":{"line":133,"column":10},"end":{"line":133,"column":25}},"loc":{"start":{"line":133,"column":25},"end":{"line":133,"column":44}},"line":133},"16":{"name":"(anonymous_16)","decl":{"start":{"line":134,"column":10},"end":{"line":134,"column":26}},"loc":{"start":{"line":134,"column":26},"end":{"line":134,"column":51}},"line":134}},"branchMap":{"0":{"loc":{"start":{"line":21,"column":4},"end":{"line":23,"column":null}},"type":"if","locations":[{"start":{"line":21,"column":4},"end":{"line":23,"column":null}},{"start":{},"end":{}}],"line":21},"1":{"loc":{"start":{"line":29,"column":4},"end":{"line":29,"column":null}},"type":"if","locations":[{"start":{"line":29,"column":4},"end":{"line":29,"column":null}},{"start":{},"end":{}}],"line":29},"2":{"loc":{"start":{"line":30,"column":4},"end":{"line":30,"column":null}},"type":"if","locations":[{"start":{"line":30,"column":4},"end":{"line":30,"column":null}},{"start":{},"end":{}}],"line":30},"3":{"loc":{"start":{"line":40,"column":4},"end":{"line":40,"column":null}},"type":"if","locations":[{"start":{"line":40,"column":4},"end":{"line":40,"column":null}},{"start":{},"end":{}}],"line":40},"4":{"loc":{"start":{"line":49,"column":4},"end":{"line":49,"column":null}},"type":"if","locations":[{"start":{"line":49,"column":4},"end":{"line":49,"column":null}},{"start":{},"end":{}}],"line":49},"5":{"loc":{"start":{"line":54,"column":11},"end":{"line":54,"column":null}},"type":"binary-expr","locations":[{"start":{"line":54,"column":11},"end":{"line":54,"column":34}},{"start":{"line":54,"column":34},"end":{"line":54,"column":null}}],"line":54},"6":{"loc":{"start":{"line":57,"column":11},"end":{"line":57,"column":null}},"type":"binary-expr","locations":[{"start":{"line":57,"column":11},"end":{"line":57,"column":34}},{"start":{"line":57,"column":34},"end":{"line":57,"column":null}}],"line":57},"7":{"loc":{"start":{"line":61,"column":36},"end":{"line":61,"column":null}},"type":"cond-expr","locations":[{"start":{"line":61,"column":49},"end":{"line":61,"column":64}},{"start":{"line":61,"column":64},"end":{"line":61,"column":null}}],"line":61},"8":{"loc":{"start":{"line":83,"column":40},"end":{"line":83,"column":null}},"type":"cond-expr","locations":[{"start":{"line":83,"column":61},"end":{"line":83,"column":72}},{"start":{"line":83,"column":72},"end":{"line":83,"column":null}}],"line":83},"9":{"loc":{"start":{"line":84,"column":45},"end":{"line":84,"column":75}},"type":"cond-expr","locations":[{"start":{"line":84,"column":66},"end":{"line":84,"column":73}},{"start":{"line":84,"column":73},"end":{"line":84,"column":75}}],"line":84},"10":{"loc":{"start":{"line":89,"column":11},"end":{"line":96,"column":null}},"type":"binary-expr","locations":[{"start":{"line":89,"column":11},"end":{"line":89,"column":null}},{"start":{"line":90,"column":12},"end":{"line":96,"column":null}}],"line":89},"11":{"loc":{"start":{"line":112,"column":9},"end":{"line":126,"column":null}},"type":"binary-expr","locations":[{"start":{"line":112,"column":9},"end":{"line":112,"column":28}},{"start":{"line":112,"column":28},"end":{"line":112,"column":null}},{"start":{"line":113,"column":10},"end":{"line":126,"column":null}}],"line":112},"12":{"loc":{"start":{"line":130,"column":7},"end":{"line":137,"column":null}},"type":"binary-expr","locations":[{"start":{"line":130,"column":7},"end":{"line":130,"column":null}},{"start":{"line":131,"column":8},"end":{"line":137,"column":null}}],"line":130}},"s":{"0":0,"1":0,"2":0,"3":0,"4":0,"5":0,"6":0,"7":0,"8":0,"9":0,"10":0,"11":0,"12":0,"13":0,"14":0,"15":0,"16":0,"17":0,"18":0,"19":0,"20":0,"21":0,"22":0,"23":0,"24":0,"25":0,"26":0,"27":0,"28":0,"29":0,"30":0,"31":0,"32":0,"33":0,"34":0,"35":0,"36":0,"37":0,"38":0,"39":0,"40":0,"41":0,"42":0,"43":0,"44":0,"45":0},"f":{"0":0,"1":0,"2":0,"3":0,"4":0,"5":0,"6":0,"7":0,"8":0,"9":0,"10":0,"11":0,"12":0,"13":0,"14":0,"15":0,"16":0},"b":{"0":[0,0],"1":[0,0],"2":[0,0],"3":[0,0],"4":[0,0],"5":[0,0],"6":[0,0],"7":[0,0],"8":[0,0],"9":[0,0],"10":[0,0],"11":[0,0,0],"12":[0,0]},"meta":{"lastBranch":13,"lastFunction":17,"lastStatement":46,"seen":{"s:8:23:8:Infinity":0,"f:10:16:10:24":0,"s:11:16:11:53":1,"s:12:21:12:67":2,"s:13:16:13:40":3,"s:14:17:14:42":4,"s:15:23:15:71":5,"s:16:23:16:59":6,"s:19:2:25:Infinity":7,"f:19:2:19:18":1,"s:20:16:20:44":8,"b:21:4:23:Infinity:undefined:undefined:undefined:undefined":0,"s:21:4:23:Infinity":9,"s:22:6:22:Infinity":10,"s:23:6:23:Infinity":11,"s:27:8:32:28":12,"f:27:15:27:33":2,"s:28:43:28:64":13,"b:29:4:29:Infinity:undefined:undefined:undefined:undefined":1,"s:29:4:29:Infinity":14,"s:29:23:29:Infinity":15,"b:30:4:30:Infinity:undefined:undefined:undefined:undefined":2,"s:30:4:30:Infinity":16,"s:30:22:30:Infinity":17,"s:31:4:31:Infinity":18,"s:34:2:36:Infinity":19,"f:34:2:34:18":3,"s:35:4:35:Infinity":20,"f:38:17:38:30":4,"s:39:4:39:Infinity":21,"b:40:4:40:Infinity:undefined:undefined:undefined:undefined":3,"s:40:4:40:Infinity":22,"s:40:23:40:Infinity":23,"s:41:20:41:73":24,"s:42:4:42:Infinity":25,"s:43:4:43:Infinity":26,"s:44:4:44:Infinity":27,"f:47:17:47:30":5,"s:48:4:48:Infinity":28,"b:49:4:49:Infinity:undefined:undefined:undefined:undefined":4,"s:49:4:49:Infinity":29,"s:49:27:49:Infinity":30,"s:50:4:50:Infinity":31,"s:53:17:54:Infinity":32,"f:53:23:53:Infinity":6,"s:54:11:54:Infinity":33,"b:54:11:54:34:54:34:54:Infinity":5,"s:56:15:57:Infinity":34,"f:56:21:56:Infinity":7,"s:57:11:57:Infinity":35,"b:57:11:57:34:57:34:57:Infinity":6,"s:60:2:137:Infinity":36,"b:61:49:61:64:61:64:61:Infinity":7,"f:66:12:66:23":8,"s:66:29:66:53":37,"f:77:12:77:23":9,"s:77:29:77:54":38,"f:80:26:80:31":10,"s:81:12:87:Infinity":39,"b:83:61:83:72:83:72:83:Infinity":8,"f:84:14:84:29":11,"s:84:29:84:75":40,"b:84:66:84:73:84:73:84:75":9,"b:89:11:89:Infinity:90:12:96:Infinity":10,"f:92:14:92:29":12,"s:92:29:92:50":41,"f:101:18:101:23":13,"s:102:12:108:Infinity":42,"b:112:9:112:28:112:28:112:Infinity:113:10:126:Infinity":11,"f:116:20:116:25":14,"s:117:16:123:Infinity":43,"b:130:7:130:Infinity:131:8:137:Infinity":12,"f:133:10:133:25":15,"s:133:25:133:44":44,"f:134:10:134:26":16,"s:134:26:134:51":45}}}
}
